00000000000000000000000000000000000000000000000000000000000000000000000000000000000000000000000000000000000000000000000000000000000000000000
00000000000000000000000000000000000000000000000000000000000000000000000000000000000000000000000000000000000000000000000000000000000000000000
00000000000000000000000000000000000000000000000000000000000000000000000000000000000000000000000000000000000000000000000000000000000000000000
000000000000000000000000000000000000000000000000F7F700000F-700000000000000000000000000000000000000000000000000000000000000000000000000000000
00000000000000000000000000000000000000000000000FJLJL7F700|FJ00000000000000000000000000000000000000000000000000000000000000000000000000000000
00000000000000000000000000000000000000000000000L--7FJ||F-J|0000F7000000000000000000000000000000000000000000000000000000000000000000000000000
000000000000000000000000000000000000000000000000F7|L7|||F7|F70FJ|000F70000000000000000000000000000000000000000000000000000000000000000000000
0000000000000000000000000000000000000000000000F-JLJFJ||LJ|LJL7L7L7F-JL-700000000000000000000000000000000000000000000000000000000000000000000
0000000000000000000000000000000000000000000F70L---7L7||0FJF--J0L7|L7F--J000000000000000000F--70000000000000000000000000000000000000000000000
00000000000000000000000000000000000000000F7||F70F-JFJ||FJFJ0F70FJL7|L7F70F--700F70F7F70000L-7|0F70000000000000000000000000000000000000000000
000000000000000000000000F70F70F700000000FJLJ|||FJF7L-J|L7|F-JL-JF-JL7|||0L-7L70||FJLJL-7000FJL-JL700000000000000F700000000000000000000000000
000000000000000000000000|L7||0|L7F--7F70L--7|||L-JL-7FJFJ|L---7FJF7FJLJL7F7|FJFJ|L7F-7FJ0F7L---7FJF70000000000F-J|00000000000000000000000000
000000000000000000000000L7||L7L7|L-7|||0F7FJLJL-7F--J|0L7L7F7FJ|0|||F---J|LJL7L7L7|L7LJ0FJL-70FJL-JL7000000000|F-J00000000000000000000000000
0000000000000000000000F-7|||FJ0||F-J||L7|LJF7F--JL--7|F7L7|||L7L7|||L7F-7L--7|0L7LJFJF70L--7|FJF----J000000000||00000000F7000000000000000000
0000000000000000000000L7|||||F7||L-7LJFJL7FJ|L70F7F7|LJ|FJLJL7|FJ|||FJ|FJ0F7||F7|F-JFJL-7F7||L7|F7F7000F700F70||00000000||00F700000000000000
00000000000000000000F-7||||||||||F7L-7L-7||0L7L7|LJ||F-JL-7F7LJ|0||||FJL7FJLJLJLJL-7L7F-J|LJL-JLJLJL-7FJ|F7|L7||F7F-700FJL--J|00000000000000
000000000000000000F-JFJ|||||||LJLJL7FJF-JLJF7|FJL-7|||0F70LJL-7L-J|||L-7|L7F----7F-JFJL-7L---7F-7F7F-JL7LJLJFJ|||||FJF7L7F---J00000000000000
000000000000000000L-7L-JLJLJ|L----7|L7L-7F7|LJL--7||||FJL70F7FJF7FJ||F7||FJL7F-7LJF-JF7FJ0F7FJL7LJ||F-7L--7FJFJ|||||FJ|FJL-70000000000000000
00000000000000000000|F-----7|F--70|L7|F7|||L--7F-J||||L-7L7|LJFJLJFJLJLJ||F-J|FJF7L-7|LJF-JLJF-JF7LJL7|0F-JL7|FJ|LJ|L7||F--J0000000000000000
00000000000000000F7FJ|F---7||L7FJFJFJ||LJ||0F7|L7FJ||L70|FJL-7L-70L--7F7LJL-7|L7|L7FJL-7L7F7FJF7|L-7FJL7L--7||L7L-7L7|LJL--70000000000000000
000000000000000F-J|L7||F-7LJ|FJ|0L7|FJL7FJL7|||FJL7||FJFJL-70|F-JF7F7LJL---7LJFJ|FJ|F--J0LJ|L7|LJF-JL-7L7F-J||FJF7|FJ|F----J0000000000000000
000000000000000L-7|0LJ||0L-7||FJF-J|L7FJL-7|||||0FJLJL7|F7FJFJL70||||F7F---JF-JFJ|FJL-7F-7FJFJ|F-JF7F7|FJL7FJ||0|||L-JL----70000000000000000
0000000000000000FJL--7LJF7FJLJ|0L-7|FJL7F7|||||L7L--7FJLJ|L-JF-JFJ|||||L--7FJF7|FJ|F--JL7|L7|0|L-7||||||F7|L7|L7|LJF--7F---J0F70000000000000
0000000000000000L-7F7L7FJLJF-7L7F-JLJF-J|||||LJFJ0F7||F70|F-7|F7|FJ|LJ|F70||FJLJL7|L-7F7||0|L7|F-J|LJ|||||L7LJFJL7FJF7LJ0F---JL7000000000000
00000000000000000FJ|L7LJF--J0L7|L7F-7L--J|||L-7|0FJLJLJL7LJFJLJLJL-JF7||L-JLJF7F-J|F-J||||FJFJ|L-7L-7||||L7L-7|F7|L-JL--7|F----J000000000000
00000000000000000L-JFJF-JF7F70|L7LJ0L--7FJ|L7FJL7L--7F-7|F7|F-7F7F--JLJL7F-7FJLJF-J|F7||||L7|0|F-JF-J||||FJF7|LJLJF7F7F7LJL7F-70000000000000
00000000000000000000L-JF7|LJL7|FJF7F---JL7|FJL7FJF7FJL7LJ||LJFJ|LJF--7F7LJ0|L-7FJF-J|LJ|||0|L7||F7L-7LJ|||FJ||F---JLJLJL---J|FJ0000F70000000
00000000000000000000F--J|L--7||L7||L--7F-J||F7||FJ|L7FJ0FJL-7L7L70|F-J|L7F7|F-JL7L70L-7||L7L7LJ||L70L7FJ||L7||L---7F-7F7F---J|F70F7||0000000
00000000000000000000L--7L70FJ||FJ||F--J|F-J|||||L7L7||F7L7F-J0L7L-J|F7|FJ|||L7F7|FJF7FJLJFJFJF-J|FJF-J|FJL7|||F---J|FJ|||F--7LJL-JLJL7000000
000000000000000000000F7L7L-JFJ|L7||L--7|L-7LJLJL7L7||LJ|FJ|F70FJF7FJ||||FJLJFJ|LJL7||L7F7L7L7L70|L7|F-JL-7||LJL-7F7||FJ||L-7L---7F7F-J000000
0000000000000F70F70F-J|0L--7L7L7||L7F7|L-7L--7F-J0|LJF-JL7|||FJFJLJFJLJ|L-7FJ0L--7||L7LJ|FJ0L7L7|FJ||0F7FJ||F--7LJLJLJFJ|F-JF--7||LJ00000000
000000000000FJL-JL7L-7|F7F7L7|0|||FJ|||F-JF70|L-7FJF-JF-7|LJ|L7|F--JF--JF-JL-70F7|||FJF7||00FJFJ|L7|L7||L7LJL7FJF--7F7L-JL70|F-J||0000000000
000000000000L----7L70|||LJL-JL-J||L7|LJL70|L7L7FJ|FJF7L7|L-7L7|||F--J0F7L7F--JFJ||LJL7|LJL7FJFJ0|FJL7|||0|F--JL7L-7LJ|F7F7L-JL-7LJ0000000000
0000000000F-70F70L7L-J|L------7FJ|FJL7F-JFJFJ0|L7|L7|L7||F7|FJ||||F7F7||FJ|F70L7|L-7FJL7F-JL7|F7||F7|||L-JL---7L--JF7LJLJL7F7F-JF70000000000
0000000000L7|0||F7L--7|F------JL-JL70||F7L7|F7|FJ|FJL7|||||||0|||||||||||FJ||F7||F7||F7||0F7||||||||||L7F-----JF7F7|L7F7F7|||L70||0000000000
0000000F7F-JL7||||F70||L----7F7F7F7L7||||FJ|||||FJ|F-JLJ||LJL7|||||||||||L7|||||||||||||L7|||||LJLJ||L7|L--7F-7|LJLJFJ|LJ|LJL-JFJL7000000000
0000000|LJF-7LJLJLJL-JL-----J|||LJL7LJ||LJ1||||||FJ|F71FJ|1F-J|||LJ|||||L7||LJLJLJ||||||FJ|LJLJ1F--JL7|L7F-JL7||F---J0|F-JF-7F7L7FJ000000000
0000000L7FJ0L--7F7F-7F7F--7F7|LJ0F7L7FJL--7||LJLJL7LJL7L7L7|F7||L-7||||L7||L--7F--J|||||L7|F-7F7|F7F7|L-J|F-7|LJL7F---JL--JFJ|L-JL7000000000
00000000LJ0F7F-J||L7LJ||F-J|||F--JL-J|F7F-JLJF----JF-7L7|FJ||LJ|F-J||||FJ|L7F7||F-7|||||FJLJFJ|LJ||||L7F-J|FJ|F--J|F---7F--JFJF---J000000000
0000000000FJLJF7|L-JF7LJ|F7|LJL-----7|||L---7L-7F7FJ1L7||L7||F-JL71LJ|||FJFJ||||L7||||||L7F7L7L7FJ|||FJL--J|0||F70||F70LJ0F-JFJF7F7000000000
00000000F7L--7|||F--JL-7LJLJF70F----JLJL-7F-J1FJ||L--7|||FJ||L7F7L7F7LJ|L7L7||||FJLJ||LJ1LJ|FJFJL7LJLJ1F7F7L7|LJL7|LJL70F7|F-J0|LJL---700000
0000000FJ|F-7|||||F7F-7L--7FJ|FJF7F7F7F71LJF-7L7|L-7FJ|||L7||FJ|L7LJL-7L7L7||LJLJ1F7|L7F---JL7L7FJF----JLJL7LJF-7LJF-7L7||||F--JF-----J00000
0000000L7||FJ|||||||L7L7F7|L7|L-JLJLJLJL---JFJ1||1FJL7LJ|FJ|||FJ1L7F--J1L7|||1F-7FJLJFJ|F7F7FJ1|L7|F------7|F7L7|F7L7L7LJ||||F--JF--7F700000
00000000||||0LJLJLJL-J0LJ||FJL---7F-7F--7F-7L7FJ|FJF7L7FJL7||||F--JL----7|||L7L7LJF-7|FJ||||L-7|FJLJF--7F-JLJL-JLJL-JFJF-J|LJL---JF7LJL70000
00000F--JLJL7F7F70F7F---7||L----7|L7|L71LJ1L7|L7||FJ|FJL7FJ||LJL7F7F7F--J||L7L7L-7|FJ||FJLJ|F7||L--7L-7|L----70F--7F7L-J0FJF------JL7F7|0000
00000L---7F7LJLJL-J|L7F7LJL-----JL-JL-JF71F7LJ1LJ||FJL71|L7|L7F-J||||L--7|L7L7|1FJ||FJ|L-7FJ||||F--JF-JL--7F7L-JF-J||F---JFJF7F7F--7LJLJ0000
000000000|||F7F7F-7|0LJL------7F------7|L-JL----7||L-7L7|FJ|FJ|F7||||F7FJ|FJ1|L7L7||L7L-7||FJ||||F--JF---7LJL7F7L7FJLJF--7L-JLJLJF7L70000000
000000000LJ||||LJFJ|F7F------7LJF7F---J|F-7F7F-7|LJF-JFJ||1LJFJ|||||LJ||1LJ1FJFJFJ|L7L-7|||L7LJLJL---JF-7L7F7||L7LJF-7L70L7F7F7F7|L-J0000000
000000000F-J|LJF7L7|||L-----7|F7||L----JL7LJ|L7|L-7L-7L7||F71L7|||||F-JL-7F-JFJ1L7|FJF7|LJ|FJF7F-----7L7L-J||LJ0|F7|0L7L-7LJLJ|||L--70000000
000000000L--JF-JL-JLJ|F70F7FJLJLJL7F-7F-7L-7L-JL--JF-JFJ|LJL7FJ||||||F7F7|L-7L--7LJL7||L-7LJ1||L----7|FJF70|L--7|||L70L-7L---7LJ|F-7L--70000
00000000F70F7L-7F---7LJL-JLJF7F--7|L7|L7|F7L---7F7FJF7L7|F-7||FJ||||||||||F-JF--JF71LJ|F-J1F7||F7F7FJLJFJL-JF7FJLJL7L7F-JF7F7L-7|L7|F7FJ0000
000000F-JL-J|F-J|F--JF7F-7F-JLJF-JL-J|FJLJL7F--J||L7||FJ|L7LJ|L7LJLJ||LJ|||F7L7F-JL---JL-7FJLJLJLJLJF--JF---JLJ0F--JFJL-7||||F-J|FJ||LJ00000
000000|F---7|L--JL--7|||FJ|F---JF--71LJ1F-7|L--7|L7|||L7L7|1FJFJF---JL71LJ||L-JL--7F-7F--JL-7F7F7F--J1F7L----7F7L---J0F7LJLJ|L70LJFJL--70000
000000||F7FJL----7F7||LJL7|L7F7FJF-JF7F7|FJ|F-7LJFJLJL-J1|L7L7L7|F7F-7L-71LJ1F7F--J|FJ|F7F7FJ|||||F---JL-----J|L7F7F-7|L---7L7L--7L--7FJ0000
000000LJ|LJF7F--7|||LJF70LJ0LJLJ0L--JLJLJ|1||1|F-JF7F---7L7L7L7|||||FJF-JF7F7|LJF7FJL7||LJ|L-JLJLJL7F7F7F7F7F7|FJ|||FJ|F---J0L7F-JF70LJ00000
0000F--7L--JLJF-J|||F7|L7F-70F--------7F7L7|L7|L--JLJF-7|1L-JFJ|||||L7L-7||||L--J|L-7LJL-7|F7F7F7F7LJLJLJLJLJLJL7|LJL-JL7F7000LJF-J|00000000
0000L-7L7F7F--JF7LJ|||L7|L7L7L-------7LJL-JL-J|F7F7F7L7|L--71L-JLJ||1|F7||LJ|F7F7L--J1F--JLJLJLJLJL---7F--------J|F----7LJL7F-70|F-J00000000
0000F7L7LJ|L---JL-7||L7||0L7|F--7F---JF7F---71LJLJ||L-JL--7L7F7111LJFJ||||F7LJLJL7F7F7L7F7F7F7F--7F--7|L---------JL---7L---J|FJFJL7000000000
0000||0L-7|F7F----J||FJ||F7||L7FJL----JLJF--JF71F7|L-----7L7LJL71111L7|||LJL--7F7LJLJL7LJLJLJ||F-J|F-JL---7F-7F7F-7F-7L---7FJ|FJF7L700000000
0000||F--JLJ|L-7F-7LJL7|LJLJL-JL------7F-JF7FJL-J||F7F-7FJFJF--J11111LJ||F--71||L7F7F7|F---71LJL--JL-----7LJ0LJ||0LJFJF---J|FJ|FJL-J0F700000
00F7||L----7L70LJFJF-7LJF-7F-7F7F7F7F7LJF-JLJF-7FJ||LJ1LJ1L-J1111111111LJ|F7L-J|FJ|LJ||L-7FJF7F----7F---7L----7LJF70L-JF70FJL7|L-7F7FJL70000
0FJLJ|F7F--JFJF--JFJ0L-7L7LJ0LJ||LJLJL--JF7F7|1|L7|L-------71111111111111LJL---J|FJF7|L--JL7||L---7|L--7L-----J0FJL7F7FJL7|F7LJF7LJLJF-J0000
0L--7LJ|L--7|0L--7L--70|FJF-7F7||F---7F--JLJ|L7|FJL7F7F7F--J111111111111111F7F--J|1|LJF-7F7LJL----J|F71L-------7L7FJ||L7FJ||L--JL-7F7L-70000
000FJF7L70FJL-7F7|F--JFJ|0L7LJ|LJL--7|L-7F-7L7|||F7LJ|||L---71111111111111FJLJF-7|FJF7L7|||F7F7F7F7LJL------7F7|FJL-JL-JL-JL----70|||F-J0000
000L-JL7L-JF-7LJLJL7F7|FJF7L-7|0F-7FJL7FJ|FJ1LJLJ||F7||L----J1111111111111L--7|1||L-JL-J||||LJ||||L7F7F---70LJLJL7F----7F-7F----J0LJLJ000000
000F---JF7FJFJF---7|||LJFJ|F-JL7L7|L-7|L-JL-----7|LJ|LJF7F71F711111111111111FJ|FJ|F-----J|LJF7LJLJFJ|||F--JF---70||F7F7LJ0LJF--700F700000000
000L7F7FJ||FJFJF-7LJ||0FJFJL7F7L-JL--JL----7F---J|F-JF7|LJL-J|11111111111111L7||FJL-7F-7FJF-JL----JFJ||L---JF--JFJLJLJL-----JF7L--JL-7000000
0000LJLJ0LJL7|0L7L70||FJFJ00LJL-------7F--7||F---JL7FJ||F7F7FJ11111111111111FJ|||1F7||FJ|1L--------JFJ|F----J0F7|F-----7F7F7FJ|F7F---J000000
000000F-----JL70L7|FJ|L7|F7F7F7F7F----J|F-J|||F----J|FJ||LJLJ111111111111111L-JLJFJLJ|L7|F-----7F--7L-JL---7F7|LJL----7|||||L7LJ|L---7000000
000000L-7F-7F-JF-J|L7|FJLJ|||||||L-----JL-7LJ||F7F--JL-JL7F711111111111111111111FJF7FJ1LJL7F7F7LJF7L-------J|||F------JLJLJL-JF-JF7F-J000000
00000F--J|FJ|0FJF7L-J|L--7LJLJLJL7F-------JF-JLJLJF-7F7F7LJ|111111111111111111F-JFJ||F--71||LJL--J|F7F------JLJL-----7F-----7FJF-JLJ00000000
00000L-7FJL7|FJFJL--7|F--JF-----7|L7F------JF7F-7FJFJ|LJL-7L-71111111111111111L--J1LJ|F7L7LJF--7F7||LJF-7F-7F--------JL7F7F-JL-JF7F--7000000
00000F-JL70||L7|F---JLJF-7|F--7FJL-J|F--7F--JLJ1LJ1L7L---7L7FJ11111111111111111111111LJL7|F7L-7LJLJ|F7L7|L7LJF70F---7F-J|LJ0F70FJ||F-J000000
00000|F7FJ0LJ0LJ|F7F7F7|FJ||F7LJF7F-J|F7LJ1F-------7L7F-7L7LJ111111111111111111111F---7FJLJL-7|F7F7||L-JL-JF7|L-JF7FJ|F7L7F7|L7|FJ|L--700000
00000LJ||0000F70LJLJ||LJ|FJLJL7FJLJF7LJL--7L7F7F--7|FJ|1|FJ111111F7111111111111111L--7|L7F--7|LJLJLJL------JLJF--JLJ0||L-J|||FJ||0|F--J00000
0000000LJ000FJ|F----JL7FJ|F---J|F--JL-----JFJ||L-7||L7|FJL71111F7||1111111111111111F7|L-JL7FJL------------7F-7L7F7F--JL7F7|LJL-JL-J|00000000
000000000000L7|L------JL-JL7F--JL7F-----7F7|FJ|F7|||1LJL--JF7F7||||111111111111111FJ||F7F7|L-7F7F7F----7F7LJ0L7LJLJF--7LJLJF------7L70000000
000000000000FJL---7F-7F7F7FJ|F---J|F---7LJLJL7LJLJLJF7F--7FJ||||LJL711111111111111L7|LJLJLJ1FJ|LJLJF--7LJL--7FJF7F7L-7L7F-7L-----7L-J0000000
000000000000|F---7|L7LJLJLJFJL----JL--7L7F7F7L71F7F7|||F-JL7LJ||F--J111111111111111|L71F71F-JFJ1F--JF7L-----J|FJLJ|F-J0|L7L7F--7FJ0000000000
0000000000F-J|F--JL-JF-7F--JF7F-----7FJ1LJLJL7L7|||||||L7F-JF-J|L---711F-711111F7F7|FJFJL7L--JF7L---JL7F----7LJF--JL--7|FJ0|L-7LJ00000000000
0000000000L--JL7F7F-7|0LJ0F-J|L7F7F7LJF71F7F7L7LJLJLJ||FJ|F7L7FJF--7L-7|FJ1F-71||||||FJF-JF-7FJL-----7LJ1F--JF7L---7F-JLJF7L--JF700000000000
000000000000F-7LJLJ0||F---JF7L7LJLJL--JL-JLJ|1L------J|L7LJL7||FJF7L--J||F7L7|1|LJ|||L7|F7L7LJF-7F7F7L-7FJF--JL7F-7LJF---JL-7F7|L70000000000
000000000000L7|F----J|L----JL7|F7F---------7L-71F-71F7L7L71FJLJL-J|1F7FJLJL7|L7L-7|||FJ||L7L--J1LJLJL-7|L7L7F--JL7L7FJF-----J|||FJF700000000
00000000000F-J|L-----J0F7F--7||||L-7F71F7F7L-7L7L7L-JL7L7L-JF-----JFJLJF---J|FJF-JLJ|L7||FJ1F7F-7F7F--JL7|FJ|F-70|FJ|FJ0F7F7FJLJL-J|00000000
00000000000L-7|F70F7F7FJLJF7LJLJL-7LJL-JLJ|F7L-J1|F---JFJF-7L--7F-7L--7L7F71|L7L7F-7L-JLJ|F7||L7|||L---7|||FJ|FJFJL-JL-7|||||F--7F7L70000000
0000000F-70F-J||L-JLJLJF--JL---7F7L-7F--7FJ|L7F-7||F-7FJFJ1|F-7LJFJ1F7L7LJ|FJFJ1LJ1|F-7F7LJ|||FJ||L7F-7|LJ|L-JL-JF7F--7||LJLJL-7||L-J0000000
0000000L7|0L7FJL-------J0F-----J|L-7||F7||1L7LJFJ|||FJL7L-7||1L7FJ1FJL7|F-JL7|F7F7FJ|1LJ|F7LJ|L7|L7|L7|L--JF--7F-J|L-7|LJF--7F-JLJ0000000000
00000F--JL--JL-7F70F7F7F7L7F-7F7|F-JLJ||LJF7|F-JFJLJL7FJF7||L71LJF7|F7|||F7FJ||||||FJF71LJL-7L-JL-JL-JL---7L-7|L-7|F7||F7L-7|L-7000000000000
00000L7F7F-7F-7LJL7|LJLJ|FJ|0LJLJL----JL--JLJL--JF7F7LJFJLJL-JF7FJ|LJ||||||L7|||||LJFJL-7F-7L-7F7F-7F7F7F7L--JL7FJ||LJ|||F7||F7|000000000000
000000LJ||FJ|FJF7FJL---7|L-JF7F---------7F7F-7F7FJ|||F7L--71F7||L7L--J|||||FJLJ||L7FJF--JL7L-7LJLJ1LJLJ||L----7LJ0LJF7LJLJLJLJLJ000000000000
00000000LJL7|L-J||0F---JL---JLJF-7F----7||||FJ|||1LJ|||F7FJFJ||L7L---7|||||L--7||FJL7|F7F7L-7|1F71F----J|F-7F7L-----JL--------7000F700000000
00000000000LJF7FJL7L--7F7F7F-7FJ0LJF-7FJ|||||FJ|L-71LJLJ||FJFJ|FJ1F7FJLJ||L-7FJLJ|F-J|||||F-JL-JL7|F7F--JL7||L7F---7F7F7F-----JF70||F-700000
000000000F-70|LJF7|0F7LJ||LJFJ|F---J1LJ1LJLJ|L7|F7L----7LJL7L-J|F7||L-7FJ|F-JL7F-JL-7LJLJ|L----7FJLJ||F---JLJ0|L-70LJLJ|L--7F-7||FJLJFJ00000
000000000L7|0L-7||L-JL--J|F7|FJL---7F------7L7|LJL7F7F7L-71L7F-J||||F-J|1||1F-JL71F7L7F--JF-7F-JL--7LJL7F7F-7FJF7L-7F70L--7LJFJ|||F7FJ000000
0000000000|L--7||L7F7F7F7|||||F----J|F-7F--J1LJF71LJLJL7FJF7|L7FJLJ|L7FJFJL7L--7L7||FJ|F-7L7|L----7|F71LJLJFJL7||F7LJL7F70L--J0||||LJ0000000
000000000FJF-7LJL7||||LJLJ||LJL-----J|FJL---7F-JL-7F7F7LJFJLJFJ|F-7L7|L7|F-JF71L7|||L7LJFJFJL--7F-JLJL----7L-7LJ|||F-7LJL-7F---JLJL700000000
000000000L-JFJF7FJLJLJ0F--J|0F7F7F7F7|L-----J|F---J|||L-7L--7L7LJFJFJ|FJ|L71||F-JLJL7L7FJFJF7F7LJF-------7L-7L-7|||L7L7F--JL7F7F-7FJ00000000
0000000F70F-JFJ||F-----JF-7|FJLJLJLJ|L71F--7FJ|F71FJ|L7FJF-7|FJF7L7L-JL7|FJFJ|L----7L7||1L-JLJL--JF7F7F71L-7L--JLJ|FJFJ|0F70||LJ0|L700000000
0000000|L7L7FJ0LJL--7F--JFJLJF-7F7F7L-JFJF-JL7LJL7L7|FJL7L7|||FJ|1L--7FJ|L-JFJF7F--JFJ|L71F7F71F--JLJLJL7F7L---7F7LJ0L7L-JL-JL7F7L-J00000000
0000000L7L-JL-7F--70LJF7FJF--J0LJ||L-7FJFJ1F7|F--JFJ|L7FJFJLJLJFJF7F-JL7L7F7|1|||F-7L7L7L-JLJL7L--7F7F-7LJL7F7FJ|L7F-7L7F7F--7LJL7F70F700000
00000000L--7F-JL-7|F70||L-JF7F7F-J|F-J|FJF7||||1F7L7L7||FJF-7F7|FJ|L--7L7||LJFJ|LJFJFJ1L7F----JF71LJ||FJF-7LJLJ0|FJ|FJ0|||L-7L7F7LJL-JL-7000
00000000000||000FJLJL7|L-70|LJLJF-JL-7|L7||||||FJ|FJFJ||L7L7LJLJL7|F-7|FJ|L71L7L71L7L71FJL-7F--JL-7FJ|L-JFJF7F7FJL-JL7FJ||F7|FJ||F--7F-7|000
00000000000LJ00FJF--7||F7L-JF-7FJ0F-7||FJ|||||||FJL7L7|L7L7|F7F71||L7LJ|1|FJF7L7|F7L7L7L7F-JL---7FJL-JF--JFJLJLJF----JL7|LJLJL7||L70||0LJ000
000000000000F7FJFJF-JLJ|L7F-J0LJF7L7LJ|L7||||||||F7|FJL7|FJLJ||L7|L7L-7L7|L7||FJ|||FJFJ1|L-7F7F-JL7F71L7F-JF7F--J0F7F70|L---70LJ|FJ0LJ000000
000000000000||L-JFJF7F7|0LJF7F7FJL-JF7L7|||||||||||||F7|||F--JL7||FJF7|FJ|FJ||L7|||L7|F7|F-J||L-7FJ||F7LJF-JLJ0F7FJLJL7L----JF7FJL7000000000
00000000000FJL---JFJ||||F--JLJ|L--7FJ|FJ||||||||||LJ|||||||F7F7||||FJ|||FJ|FJ|FJ||L7||||||F7|L7FJL7||||F7L----7||L7F-7|F7F7F-J||F-J000000000
00000000000L--7F--JFJ|LJL7F7F7L---JL7|L7||||||||LJ0FJ|LJLJ||LJ|||||L7|||L7|L7||FJL7||||||LJ||0||F-J|LJ||L7F---J|L-JL7|LJLJLJF7|LJ00000000000
00000000000000LJF--JFJ0F7LJLJL7F7F-7||FJ|||||||L7F7|FJF70FJL7FJ|||L7|LJ|FJ|FJ||L7FJLJ|||L-7|L7||L-7L7FJ|FJL----JF7F7||F7F-7FJ|L7000000000000
000000000000000FJF-7|F-JL7F7F7||||FJ|LJFJ|LJ||L7LJ|||FJL-JF7||FJ||FJ|F-J|FJ|0|L7|L7F-J|L7FJ|FJ|L70|FJL7|L7F-7F7FJLJLJLJLJ0LJ0L7|000000000000
000000000000000L-JFJ|L7F7LJLJLJ|||L7L7FJFJ0FJ|0L7FJLJL7F-7||||L7||L7||F7|L7L7|FJ|FJ|F7L7||FJ|FJFJFJL-7|L7|L7LJ|L---7F7F-----70LJ000000000000
000000000000000000L7|FJ|L7F-7F-J|L7|FJL7|0FJFJF-JL-7F-JL7|||||FJLJFJ|||||0L7|||0LJ0||L7|||L7|L7|FJF7FJ|FJL7L-7|F7F7LJLJF----J000000000000000
0000000000000000000LJL7|FJ|0LJF-JFJLJF-JL7L7|FJF-7FJL-7FJ|||||L-7FJFJLJLJF-J||L---7LJFJ|||0||0|||FJLJ0|L7FJF-JLJLJL---7L------70000000000000
00000000000000000000F-J|L7|F--JF7L--7|F7FJ0LJ|FJFJL70FJL7LJLJL7FJL7L--7F7L--J|F7F-JF-JFJ|L7||FJ|||F-7FJFJL7|0F-------7|F7F7F--J0000000000000
000000000000000000F7L--J0LJL-7FJL7F-J|||L-7F-J|FJF7|FJF7L----7||0FJF--J|L7F--J|||F-JF-J0|FJLJL7||||FJL7|F-JL-JF--7F--JLJ|||L--70000000000000
0000000000000000F-J|0F--7F--7||F-JL70LJL7FJ|F-JL7||||FJ|F7F--J|L7L7L-70L7LJF7FJLJ|F7|F--JL70F-J||LJL-7||L7F7F-JF7LJF7000LJ|F-7|0000000000000
0000000000000000|F7L7L-7LJF7LJ|L-7FJF-70||0||F--J|||LJFJ||L--7L-JFJF7|F-JF7||L-7FJ|LJL7F-7|FJF-J|F7F-JLJFJ||L--JL7FJL-7000|L7|L7000000000000
0000000000000000LJL7|F-JF-JL-7L7FJL7L7|FJL7||L7F7||L70L-JL-7FJF70L7||||F7|||L7FJL-JF70|L7||L7L-7|||L---7L-JL7F7F7LJF-7L700|FJ|FJ000000000000
0000000000000000F--JLJF7|F7F-JFJ|F-JFJLJF7||L7LJLJL-JF-----JL-J|F7LJLJ|||||L7||0F70|L-JFJ||0|F-J|||F7F-JF---J|LJ|F-J0|FJF-JL7LJ0000000000000
0000000000000000L--7F-J||||L-7L7|L-7L-7FJ||L7L---7F--JF-7F7F--7LJL7F70LJ|||FJ|L-JL7L7F7|FJ|FJL70||LJ|L-7L-7F7|F7|L--7||0L-7FJ000000000000000
0000000000000000000||F7|||L--JFJ|F7L7FJ|0||0|F7F-JL7F7|FJ||L-7L7F7LJL-7FJ|||FJF-7FJFJ||||FJL7FJFJL70L-7|F-J||LJ|L---JLJ000|L-700000000000000
000000000000000000FJ||LJ|L---7L7LJ|FJL7L7||FJ|||F--J|LJL7||F7L7|||F7F7|L-J||L7|FJL7|FJ|||L70LJFJF7L--7LJL-7||F7L--7F700000L--J00000000000000
000000000000000000L7|L7FJF---JFJF-J|F-JFJ|||FJ|||F-7|F-7LJ||L7|LJ||LJ|L-7FJL7||L7FJLJ0|||FJF--JFJ|F-7L-70FJ|||L7F7LJL--700000000000000000000
0000000000000000000||FJ|FJF7F7L7|F7|L7FJ0|||L7LJ|L7LJL7|0FJL7LJF-JL70L--JL-7|||FJL---7|||L7|F-7|FJ|FJF7L7L-J||FJ||F7F--J00000000000000000000
0000000000000000000LJL-JL-JLJ|FJLJ|L7||F-J||FJ0FJFJF7FJL-JF-JF7L-7FJF7F7F-7LJ|||F7F7FJ|||FJLJFJ||FJL7|L7L-7FJ|L7||||L70000000000000000000000
0000000000000000000000F-----7||0F7L-J||L-7|||0FJFJFJLJF7F7|F7|L--JL7|LJLJFJF7LJ||LJLJ0||LJ000L7|||F7||0L7FJL7|FJ||||FJF700000000000000000000
0000000000000000000000|F-7F7LJL-JL--7LJ0FJ|||FJFJ0L-7FJ|||LJ|L7F7F7LJF7F-J0||F-JL----7LJ000000||LJ|LJL-7|L-7||L7||||L-J|F70F7000000000000000
0000000000000000000000LJFJ|L-7F--7F7|000L-J|||FJF--7||FJ||F7L7LJ||L7FJ|L---J||F--7F-7|00000F--JL70|F-7FJL7FJ||FJ||||F-7LJL-JL-70000000000000
000000000000000000000000L-JF-JL-7LJLJ000000||LJ0L-7LJ|L7||||FJF-J|FJ|FJF--7FJ||F-JL7|L70000L-7F7|FJ|0|L-7|L7LJL7||||L7L7F7F7F-J0000000000000
000000000000000000000000000L-7F7L-700000000LJ00F--JF7|0|||||L7L7FJL7|L7L-7|L7|||F7FJL-J000000LJ||L7L7L7FJL-J000LJ|||FJ0LJLJ||000000000000000
000000000000000000000000000F-J||F7L700000000000L--7|||FJ|LJ|FJ0|L-7||FJF7|L-J||LJ|L-70000000000LJ0L7|0|L---700000||||000000LJ000000000000000
00000000000000000000000000FJF-J||L-J00000000000000||LJL7L-7||F-JF7|||L-J|L--7||00L7FJ000000000000F-JL7|F7F7|00000LJLJ00000000000000000000000
00000000000000000000000000L7|00|L-700000000000000FJ|000L7FJ||L7FJ||LJ0F-JF7FJLJ000LJ0000000000000L-7FJ||||LJ00000000000000000000000000000000
000000000000000000000000000LJ0FJF-J00000000000000L-J000FJ|FJ|FJ|FJ|F--JF7|LJ00000000000000000000000LJFJ|LJ0000000000000000000000000000000000
00000000000000000000000000000FJFJ0000000000000000000000L-JL-J|FJL-J|F7FJ|L70000000000000000000000000FJFJ000000000000000000000000000000000000
00000000000000000000000000000L7L-7000000000000000000000000000||00F-J|LJFJFJ0000000000000000000000000L7|0000000000000000000000000000000000000
000000000000000000000000000000L--J000000000000000000000000000||00L7FJ00L7L700000000000000000000000000LJ0000000000000000000000000000000000000
0000000000000000000000000000000000000000000000000000000000000LJ000LJ000FJFJ00000000000000000000000000000000000000000000000000000000000000000
00000000000000000000000000000000000000000000000000000000000000000000000L-J000000000000000000000000000000000000000000000000000000000000000000
00000000000000000000000000000000000000000000000000000000000000000000000000000000000000000000000000000000000000000000000000000000000000000000
00000000000000000000000000000000000000000000000000000000000000000000000000000000000000000000000000000000000000000000000000000000000000000000
