0: ()
1: (28)
2: ()
3: (21,27)
4: (14)
5: (25,39)
6: (12)
7: (37)
8: (41)
9: (25)
10: (19)
11: (26)
12: (16,33,36)
13: (31,42)
14: (32)
15: (42)
16: (40,47)
17: (39)
18: (29)
19: (30,35)
20: ()
21: ()
22: (48)
23: ()
24: (38)
25: ()
26: (45)
27: ()
28: ()
29: (34)
30: (44)
31: (43)
32: (45)
33: (49)
34: ()
35: (50)
36: ()
37: ()
38: ()
39: ()
40: ()
41: ()
42: ()
43: ()
44: (52)
45: (46)
46: (53)
47: (52)
48: (51)
49: (54,55)
50: (52,58)
51: (57,61,82)
52: (65)
53: (56,60)
54: (59,71)
55: (68,70)
56: (64,66,79)
57: (62)
58: (73,74)
59: (69,78)
60: (63,72)
61: (75)
62: (67)
63: (97)
64: (94)
65: (80)
66: (77)
67: (85,109)
68: (76)
69: ()
70: (82)
71: ()
72: (94)
73: (90)
74: (80,83,86)
75: (88)
76: (81)
77: (93)
78: ()
79: (87,94)
80: (84)
81: (89,92,101)
82: (91,102)
83: (108)
84: ()
85: (107)
86: ()
87: (95,99)
88: ()
89: (111)
90: (96,98)
91: (100)
92: (103)
93: (112)
94: ()
95: ()
96: ()
97: (104)
98: ()
99: (112)
100: (109)
101: ()
102: ()
103: (105,106,113)
104: ()
105: (117,118,119)
106: ()
107: ()
108: (114,116)
109: (110)
110: ()
111: (122)
112: (115,121)
113: (119)
114: ()
115: ()
116: (123)
117: (130)
118: (127)
119: (120,126)
120: (125)
121: (128)
122: (124)
123: (131)
124: (132)
125: ()
126: (129)
127: ()
128: ()
129: (133)
130: (134)
131: ()
132: ()
133: (138)
134: (135)
135: (136,141)
136: (137,139,140)
137: (142,146,162)
138: (144)
139: (145,146,149)
140: (146)
141: (143,144,151,152)
142: (147,150,177)
143: (146,158,162)
144: (148,160)
145: ()
146: (165)
147: (153,159)
148: (175)
149: (154,155,165)
150: (159)
151: (156,157)
152: (156,171)
153: (169)
154: (161,176)
155: (161,170)
156: ()
157: (163,168)
158: (164,174)
159: (173,178)
160: (175)
161: (172)
162: ()
163: (167)
164: ()
165: (166,176,179)
166: ()
167: ()
168: (183)
169: ()
170: (184)
171: (177)
172: (185)
173: (190,193)
174: (181)
175: (186,188)
176: ()
177: (180,182,187)
178: (193)
179: (189)
180: ()
181: ()
182: (192)
183: ()
184: (191)
185: ()
186: (194,195)
187: (196)
188: ()
189: (198)
190: (202)
191: ()
192: (199,201)
193: (197,205)
194: (200)
195: (200)
196: (200,212)
197: ()
198: (204,217)
199: (206)
200: (203)
201: (207,211)
202: (210,215,216)
203: (221)
204: (209,213,214)
205: ()
206: (208,219)
207: ()
208: ()
209: ()
210: ()
211: (218,220)
212: ()
213: ()
214: ()
215: (223)
216: (222)
217: (228)
218: (224)
219: (231,239)
220: (227,232,238)
221: (225,229)
222: (226)
223: ()
224: ()
225: (236,244)
226: (233,243,255)
227: (230,241)
228: (234)
229: (235,244)
230: ()
231: ()
232: (237)
233: ()
234: (245,247)
235: ()
236: ()
237: (242,253)
238: (246)
239: (240)
240: (249)
241: ()
242: (248,251)
243: (258)
244: ()
245: (250,256)
246: (252,253)
247: (257)
248: ()
249: ()
250: (260,261)
251: (254,255)
252: ()
253: (259)
254: (258)
255: ()
256: ()
257: (263)
258: (265)
259: (264)
260: (266,267)
261: (262,266)
262: ()
263: ()
264: (268)
265: ()
266: (270,273)
267: ()
268: (269,271)
269: ()
270: (272,275)
271: ()
272: (274,276,277)
273: (278)
274: (279,280,286)
275: (281,282)
276: ()
277: (284)
278: (281,283)
279: (285,289,290)
280: (287,288)
281: (293)
282: ()
283: (300)
284: (289,291,295)
285: (298)
286: ()
287: (301)
288: (294)
289: ()
290: (292)
291: (304)
292: (302,306)
293: (297,303)
294: (296)
295: (313)
296: (299)
297: (304)
298: ()
299: (310)
300: (305)
301: (308,314,317)
302: (311)
303: (309)
304: (318)
305: (312,316)
306: (307)
307: (326)
308: (315)
309: ()
310: ()
311: (324)
312: (319,320)
313: ()
314: (321)
315: (325,330)
316: ()
317: (323)
318: ()
319: (335)
320: (322,329)
321: (328)
322: ()
323: (327,331)
324: (332)
325: (337)
326: (333,334)
327: (340)
328: (347)
329: (336,338)
330: ()
331: (342)
332: ()
333: ()
334: (345)
335: (350,370)
336: (341,343,348,349)
337: (339,344)
338: (352)
339: ()
340: (346,354)
341: (353)
342: (351)
343: (357)
344: (355)
345: (347)
346: ()
347: (360)
348: (356)
349: (357)
350: (359,361)
351: (362)
352: ()
353: (369)
354: (358)
355: (368)
356: (363,364)
357: ()
358: (367)
359: (379)
360: ()
361: ()
362: (367)
363: (366)
364: (365)
365: (371)
366: (372)
367: ()
368: (375)
369: (373)
370: (376,378)
371: (374,380,383)
372: (382)
373: (389)
374: (377)
375: (381)
376: (384)
377: (386)
378: (392)
379: (393)
380: (387)
381: (388,391)
382: ()
383: ()
384: (385)
385: (395)
386: ()
387: (403)
388: (394)
389: (390)
390: (396)
391: (401)
392: (399)
393: (397,398,402)
394: ()
395: (406)
396: ()
397: (400,404)
398: (405,412)
399: (410,411)
400: (408)
401: ()
402: (407)
403: ()
404: (408)
405: (409)
406: (428)
407: ()
408: ()
409: (422)
410: (413,414)
411: (413)
412: (415,417)
413: ()
414: (416,420)
415: ()
416: (418,421,423)
417: (419)
418: (429)
419: ()
420: (424)
421: (425)
422: ()
423: (426,429)
424: (428,430)
425: (427,433)
426: (434)
427: ()
428: (432)
429: (431,435,436)
430: (437)
431: ()
432: ()
433: (449)
434: (438)
435: (439,440)
436: (441,443)
437: (440,442)
438: ()
439: (454)
440: (445)
441: (444)
442: (453,456,457)
443: (450)
444: (448,452)
445: (446,447)
446: ()
447: (451)
448: ()
449: (455)
450: ()
451: (458)
452: (460)
453: (459,466)
454: (461)
455: ()
456: (463)
457: (462,463,464)
458: ()
459: (465,469)
460: (468)
461: (471)
462: (467)
463: ()
464: (473)
465: ()
466: (477)
467: (475)
468: (470)
469: (479)
470: (476)
471: (472,474)
472: (482,489)
473: (475)
474: (480,495)
475: ()
476: (483)
477: (478)
478: (481,486)
479: (484,487)
480: (485,488,496)
481: ()
482: ()
483: (490)
484: ()
485: (491)
486: (492)
487: (493,494,497)
488: (498)
489: (496)
490: ()
491: ()
492: (495)
493: (501)
494: (503)
495: (499)
496: ()
497: (500,506)
498: (504)
499: (502,505)
500: (509,510)
501: (508)
502: (513)
503: (511)
504: ()
505: (512)
506: (507)
507: (530)
508: ()
509: (517)
510: (520)
511: (515,516,518,525)
512: (514)
513: (524)
514: (522,531)
515: (519,523,528,533)
516: ()
517: (521)
518: (526,533)
519: (527)
520: ()
521: (529)
522: ()
523: (535)
524: ()
525: ()
526: (534)
527: (539)
528: (532,536)
529: (537)
530: ()
531: ()
532: (538)
533: ()
534: (539,543)
535: (540)
536: (544,547)
537: (541)
538: ()
539: (542,546)
540: ()
541: ()
542: (545,548)
543: (551)
544: (552)
545: (553)
546: (549,550)
547: (556)
548: (554,557)
549: (555)
550: (555)
551: ()
552: (562)
553: (560)
554: ()
555: ()
556: (561,568)
557: (558,559)
558: (563,567)
559: (565)
560: (566,569)
561: (564)
562: (575)
563: (571,579,583)
564: (580)
565: (576)
566: (572)
567: (573,582)
568: (578)
569: (570)
570: ()
571: (574)
572: (584)
573: (577)
574: ()
575: (586)
576: (581,585,591)
577: ()
578: ()
579: (587,590)
580: ()
581: (588)
582: (600)
583: (585)
584: (593)
585: (592,594)
586: (589,595)
587: (596)
588: (606)
589: (607)
590: (596,597)
591: (598)
592: ()
593: ()
594: (599)
595: (601)
596: (604)
597: ()
598: (603,608)
599: (602,605)
600: (636)
601: ()
602: (610)
603: (616,620)
604: (611,617,619)
605: ()
606: (614,645)
607: (613,618,626)
608: (609,612,615)
609: ()
610: (622)
611: ()
612: (628)
613: (621)
614: (624)
615: (625,627)
616: (629)
617: (623)
618: (633)
619: (632,637)
620: (629)
621: (635)
622: (630)
623: (646)
624: (631,634,640)
625: ()
626: ()
627: (635)
628: ()
629: (639)
630: (643)
631: ()
632: (652)
633: (641)
634: (638,660)
635: (642)
636: (644)
637: (647)
638: (656)
639: (648,659)
640: ()
641: (650,653)
642: (649,651)
643: (654,663)
644: (662)
645: (661)
646: (655)
647: (657)
648: ()
649: (674)
650: ()
651: (664,665)
652: ()
653: ()
654: (658,671)
655: ()
656: (673)
657: ()
658: ()
659: ()
660: (666,667)
661: (669)
662: ()
663: (671)
664: ()
665: (668,670)
666: (672,675)
667: (677)
668: ()
669: (676)
670: ()
671: ()
672: ()
673: (678)
674: (685)
675: ()
676: (679,684)
677: (680,681)
678: (683,686)
679: (693)
680: (682,695,698)
681: (687,690)
682: ()
683: (688,696)
684: (689)
685: (694)
686: ()
687: (692,701,706)
688: (704)
689: (691,697)
690: (706,733)
691: ()
692: (700,702,703)
693: (709)
694: (705)
695: ()
696: (699)
697: ()
698: (708)
699: (719,723)
700: (711,720)
701: ()
702: (707)
703: (710)
704: (715)
705: ()
706: (712)
707: (714,724)
708: ()
709: (718,721)
710: (716)
711: (725)
712: (713,717)
713: (734)
714: (731)
715: (722,726)
716: (728)
717: (727)
718: (733)
719: ()
720: ()
721: (730)
722: (729,737)
723: (732)
724: (731,740)
725: ()
726: (737)
727: (747)
728: (735)
729: ()
730: (743)
731: (736,739)
732: ()
733: (738)
734: (741)
735: ()
736: (742)
737: ()
738: (746)
739: (742)
740: (744)
741: ()
742: ()
743: (745,749)
744: (750)
745: (748)
746: (756)
747: (752,753)
748: (763)
749: (751,758)
750: (754,761)
751: (759)
752: (755,757,767)
753: (766)
754: (762)
755: (768)
756: ()
757: (768,773)
758: (759,760,764,772)
759: (765,769)
760: (765,770)
761: ()
762: (783,784,785)
763: (774,775)
764: ()
765: (776,778,779)
766: (771,777)
767: (768)
768: (787,792)
769: ()
770: (776,790)
771: ()
772: (781)
773: (788)
774: ()
775: ()
776: (791)
777: ()
778: (780,794)
779: (782,786)
780: ()
781: (805)
782: (799)
783: ()
784: (796)
785: (789)
786: (795)
787: (793,814)
788: ()
789: ()
790: (804)
791: (799,805)
792: (800)
793: (806)
794: (802)
795: (803)
796: (797,798)
797: (801)
798: (812)
799: ()
800: (809)
801: (807)
802: (813)
803: ()
804: (810)
805: ()
806: (808,816)
807: (815)
808: (830)
809: (811)
810: (814)
811: ()
812: (817,819,840)
813: (818)
814: (821)
815: (822)
816: (820)
817: (850)
818: (823,824)
819: (850)
820: (827)
821: (829,834)
822: (825,828)
823: ()
824: (826,837)
825: ()
826: ()
827: (831)
828: (832,833)
829: (830,842)
830: ()
831: (836)
832: (835)
833: (835,843)
834: (839,848)
835: ()
836: (838,841)
837: ()
838: (892)
839: (844,845,849)
840: (847,850)
841: (846,868)
842: (852)
843: ()
844: (853)
845: ()
846: (851,866)
847: (854,855)
848: ()
849: (859)
850: (855,858)
851: (856,870)
852: ()
853: (857,860)
854: ()
855: (871)
856: (865)
857: (863,864,867)
858: (862)
859: (861,873)
860: ()
861: (887)
862: (874,875,876)
863: (881)
864: (872)
865: (869)
866: (870,882)
867: (877)
868: ()
869: (878)
870: ()
871: (884)
872: (880,883)
873: (887)
874: (885)
875: ()
876: (888,890)
877: ()
878: (879)
879: (891)
880: (894)
881: (886)
882: ()
883: (894)
884: ()
885: (889,899)
886: (896)
887: ()
888: (897)
889: (892)
890: (893,895)
891: ()
892: ()
893: (902)
894: (900,901)
895: ()
896: (898)
897: (904)
898: (907)
899: (906)
900: (903,905)
901: ()
902: (910)
903: (909,912,913)
904: (908)
905: (911)
906: (915,918)
907: (914)
908: ()
909: ()
910: (919)
911: (922)
912: (917)
913: (916)
914: (920,924,928)
915: (926)
916: (923,929,930)
917: (923)
918: (921)
919: (925,927,931)
920: ()
921: ()
922: (935)
923: (932,934)
924: ()
925: ()
926: (942)
927: (933)
928: ()
929: ()
930: (932)
931: (937)
932: (939,941)
933: (936,951)
934: (941,943)
935: ()
936: (938,940,947)
937: (946)
938: (949,956)
939: (955)
940: (944,948)
941: (955,958)
942: (945,951)
943: (952)
944: ()
945: (950,957)
946: (966)
947: (953)
948: ()
949: ()
950: (954,960)
951: (963)
952: (959)
953: ()
954: (962)
955: (965)
956: (969,975)
957: (961)
958: ()
959: (964)
960: ()
961: (968)
962: (978)
963: ()
964: (971,973)
965: ()
966: (967,970)
967: (976)
968: (972)
969: ()
970: (977,979,981)
971: (974,983)
972: (982,984)
973: ()
974: (980)
975: ()
976: ()
977: (985,988)
978: (987,989,993)
979: (997)
980: (991,995)
981: (1005)
982: (994)
983: (1000)
984: (986)
985: (1001,1007)
986: ()
987: (990,992)
988: (1002,1007)
989: ()
990: (996,998,999)
991: (1006,1010)
992: (1004)
993: (1008)
994: (1003)
995: (1010,1012)
996: ()
997: ()
998: ()
999: ()
1000: (1009)
1001: ()
1002: ()
1003: (1015)
1004: (1013)
1005: (1011,1014)
1006: ()
1007: ()
1008: (1016)
1009: ()
1010: ()
1011: ()
1012: (1017)
1013: (1019)
1014: (1023)
1015: (1021)
1016: (1018,1020,1022)
1017: (1027)
1018: (1025)
1019: (1024,1029)
1020: (1030,1033)
1021: (1028)
1022: (1033)
1023: ()
1024: (1026,1031,1037)
1025: (1032)
1026: ()
1027: (1043)
1028: (1035)
1029: (1037)
1030: ()
1031: (1034,1039)
1032: (1044)
1033: (1036,1040)
1034: (1038)
1035: (1046)
1036: (1042,1045,1053)
1037: (1041)
1038: (1068)
1039: (1048)
1040: (1049,1051,1053)
1041: (1054)
1042: (1047,1052)
1043: ()
1044: (1050)
1045: ()
1046: ()
1047: ()
1048: (1058)
1049: ()
1050: (1057,1061)
1051: (1066)
1052: (1055,1056,1069)
1053: (1063)
1054: (1062,1068)
1055: (1059)
1056: (1065)
1057: (1060)
1058: (1071)
1059: (1070)
1060: (1081)
1061: (1078)
1062: (1067,1075)
1063: (1064)
1064: (1098)
1065: (1073,1077)
1066: (1072,1080)
1067: (1074)
1068: (1082,1083)
1069: ()
1070: (1084)
1071: ()
1072: (1079)
1073: ()
1074: (1086)
1075: (1076)
1076: (1085,1088)
1077: ()
1078: (1094)
1079: (1089)
1080: (1087)
1081: (1091)
1082: (1100)
1083: (1095)
1084: (1093)
1085: (1092,1097)
1086: (1102)
1087: (1090,1098)
1088: (1096,1097)
1089: ()
1090: (1103)
1091: (1101)
1092: (1104)
1093: (1099,1119)
1094: ()
1095: (1105,1107)
1096: (1108)
1097: (1106,1109)
1098: ()
1099: ()
1100: (1108)
1101: (1115)
1102: (1109,1112)
1103: (1116)
1104: (1111)
1105: ()
1106: (1110,1114)
1107: (1113)
1108: ()
1109: (1114)
1110: (1121)
1111: (1127)
1112: (1120,1122)
1113: ()
1114: (1123)
1115: ()
1116: (1117,1118,1119)
1117: (1130)
1118: (1124,1126)
1119: (1129)
1120: (1125,1128)
1121: (1133)
1122: (1137)
1123: (1132)
1124: (1135)
1125: (1140)
1126: (1131)
1127: ()
1128: (1138)
1129: ()
1130: ()
1131: (1139)
1132: (1136)
1133: (1134,1142,1144)
1134: (1148,1149)
1135: (1143,1145,1147)
1136: (1141)
1137: ()
1138: ()
1139: (1150,1151)
1140: (1146)
1141: (1154)
1142: ()
1143: ()
1144: ()
1145: (1163)
1146: (1155)
1147: ()
1148: (1153,1157)
1149: (1152,1156)
1150: ()
1151: ()
1152: (1160)
1153: (1162)
1154: (1158)
1155: (1159)
1156: (1174)
1157: (1172)
1158: ()
1159: (1161)
1160: (1170)
1161: (1164,1165)
1162: (1173)
1163: (1166,1167)
1164: ()
1165: ()
1166: (1168,1171)
1167: (1169)
1168: (1182,1183)
1169: (1177,1180)
1170: ()
1171: (1175,1177)
1172: (1176)
1173: (1185)
1174: (1179,1181)
1175: (1188,1191)
1176: (1178)
1177: (1191)
1178: ()
1179: (1184)
1180: (1186)
1181: ()
1182: (1198)
1183: (1187,1189)
1184: (1209)
1185: (1190,1194)
1186: (1192)
1187: ()
1188: (1195)
1189: (1193,1203)
1190: (1205)
1191: (1197)
1192: (1201,1204)
1193: ()
1194: (1202,1207)
1195: (1196)
1196: (1199)
1197: (1200,1210,1211)
1198: (1206,1209)
1199: (1219)
1200: (1212)
1201: ()
1202: ()
1203: (1214)
1204: (1209,1215)
1205: (1208)
1206: (1216,1226)
1207: (1218)
1208: (1213)
1209: (1222,1230)
1210: ()
1211: ()
1212: (1220)
1213: ()
1214: (1223)
1215: (1221)
1216: (1217)
1217: (1228)
1218: (1229)
1219: (1225,1242)
1220: (1231)
1221: (1232)
1222: (1227)
1223: (1224,1226,1230)
1224: ()
1225: ()
1226: (1238)
1227: ()
1228: (1233,1239)
1229: (1235)
1230: (1236,1237)
1231: ()
1232: (1234)
1233: (1250)
1234: (1242)
1235: (1240,1248)
1236: ()
1237: (1243,1244)
1238: (1247)
1239: (1241)
1240: ()
1241: (1246,1251)
1242: (1250,1252,1253)
1243: (1245,1260)
1244: (1260)
1245: (1252)
1246: (1249,1259)
1247: (1254)
1248: (1256)
1249: (1277)
1250: (1261,1263)
1251: (1257)
1252: (1255)
1253: (1263)
1254: (1262,1264)
1255: (1258,1266)
1256: ()
1257: (1265)
1258: (1267)
1259: (1280)
1260: ()
1261: ()
1262: (1269)
1263: ()
1264: (1268,1272)
1265: ()
1266: (1271)
1267: (1276)
1268: (1270,1281)
1269: (1273,1279,1287)
1270: (1274,1286)
1271: ()
1272: (1275,1278,1284)
1273: (1283,1288,1294)
1274: (1291)
1275: (1282)
1276: (1295)
1277: (1292)
1278: (1296)
1279: ()
1280: (1289)
1281: (1285)
1282: (1293,1299,1300)
1283: ()
1284: (1307)
1285: (1290,1306)
1286: (1291)
1287: (1313)
1288: (1297)
1289: ()
1290: (1303,1308)
1291: (1309,1319)
1292: ()
1293: (1301,1311)
1294: (1298)
1295: ()
1296: ()
1297: (1302)
1298: (1315)
1299: (1305)
1300: (1311)
1301: (1304)
1302: ()
1303: (1310)
1304: (1318,1322)
1305: (1312)
1306: (1316)
1307: (1320)
1308: (1325)
1309: ()
1310: (1324)
1311: (1323)
1312: ()
1313: (1314)
1314: (1328)
1315: ()
1316: (1317)
1317: ()
1318: (1329,1333,1334)
1319: (1321,1326)
1320: (1331)
1321: ()
1322: (1329,1334,1337)
1323: (1330)
1324: (1327)
1325: ()
1326: (1331,1339)
1327: (1338)
1328: (1332,1335,1336)
1329: (1340)
1330: (1337)
1331: (1342)
1332: (1344)
1333: ()
1334: ()
1335: (1345,1346)
1336: (1343,1345,1346)
1337: (1348)
1338: (1347)
1339: (1341,1349)
1340: ()
1341: ()
1342: ()
1343: ()
1344: (1351,1352)
1345: (1350)
1346: (1352)
1347: ()
1348: ()
1349: ()
1350: (1354)
1351: (1353)
1352: (1353,1355)
1353: (1356)
1354: ()
1355: (1359)
1356: (1357)
1357: (1358)
1358: (1360)
1359: (1361,1362,1364)
1360: (1365)
1361: ()
1362: (1363)
1363: (1367,1368)
1364: (1366)
1365: ()
1366: ()
1367: (1369)
1368: ()
1369: ()
