0
O....#....
O.OO#....#
.....##...
OO.#O....O
.O.....O#.
O.#..O.#.#
..O..#O..O
.......O..
#....###..
#OO..#....
1
.....#....
....#...O#
...OO##...
.OO#......
.....OOO#.
.O#...O#.#
....O#....
......OOOO
#...O###..
#..OO#....
2
.....#....
....#...O#
.....##...
..O#......
.....OOO#.
.O#...O#.#
....O#...O
.......OOO
#..OO###..
#.OOO#...O
3
.....#....
....#...O#
.....##...
..O#......
.....OOO#.
.O#...O#.#
....O#...O
.......OOO
#...O###.O
#.OOO#...O
4
.....#....
....#...O#
.....##...
..O#......
.....OOO#.
.O#...O#.#
....O#...O
.......OOO
#...O###.O
#..OO#..OO
5
.....#....
....#...O#
.....##...
...#......
.....OOO#.
.O#...O#.#
....O#...O
......OOOO
#...O###.O
#..OO#..OO
6
.....#....
....#...O#
.....##...
...#......
.....OOO#.
.O#...O#.#
....O#...O
......OOOO
#....###.O
#.OOO#..OO
7
.....#....
....#...O#
.....##...
..O#......
......OO#.
.O#...O#.#
....O#...O
......OOOO
#....###.O
#.OOO#..OO
8
.....#....
....#...O#
.....##...
..O#......
......OO#.
.O#...O#.#
....O#....
......OOOO
#...O###.O
#.OOO#..OO
9
.....#....
....#...O#
.....##...
..O#......
.....OOO#.
.O#...O#.#
....O#....
......OOOO
#...O###.O
#.OOO#...O
10
.....#....
....#...O#
.....##...
..O#......
.....OOO#.
.O#...O#.#
....O#...O
.......OOO
#...O###.O
#.OOO#...O
11
.....#....
....#...O#
.....##...
..O#......
.....OOO#.
.O#...O#.#
....O#...O
.......OOO
#...O###.O
#..OO#..OO
