(0, 1): (5, 3)[15]
(3, 11): (13, 13)[24],(11, 21)[30],(5, 3)[22]
(5, 3): (13, 5)[22],(0, 1)[15],(3, 11)[22]
(11, 21): (19, 19)[10],(3, 11)[30],(13, 13)[18]
(13, 5): (19, 13)[38],(5, 3)[22],(13, 13)[12]
(13, 13): (19, 13)[10],(3, 11)[24],(11, 21)[18],(13, 5)[12]
(19, 13): (13, 13)[10],(19, 19)[10],(13, 5)[38]
(19, 19): (22, 21)[5],(11, 21)[10],(19, 13)[10]
(22, 21): (19, 19)[5]
0-(0, 1)
15-(0, 1),(5, 3)
37-(0, 1),(5, 3),(13, 5)
75-(0, 1),(5, 3),(13, 5),(19, 13)
85-(0, 1),(5, 3),(13, 5),(19, 13),(13, 13)
109-(0, 1),(5, 3),(13, 5),(19, 13),(13, 13),(3, 11)
139-(0, 1),(5, 3),(13, 5),(19, 13),(13, 13),(3, 11),(11, 21)
149-(0, 1),(5, 3),(13, 5),(19, 13),(13, 13),(3, 11),(11, 21),(19, 19)
154-(0, 1),(5, 3),(13, 5),(19, 13),(13, 13),(3, 11),(11, 21),(19, 19),(22, 21)
103-(0, 1),(5, 3),(13, 5),(19, 13),(13, 13),(11, 21)
113-(0, 1),(5, 3),(13, 5),(19, 13),(13, 13),(11, 21),(19, 19)
118-(0, 1),(5, 3),(13, 5),(19, 13),(13, 13),(11, 21),(19, 19),(22, 21)
133-(0, 1),(5, 3),(13, 5),(19, 13),(13, 13),(11, 21),(3, 11)
85-(0, 1),(5, 3),(13, 5),(19, 13),(19, 19)
90-(0, 1),(5, 3),(13, 5),(19, 13),(19, 19),(22, 21)
95-(0, 1),(5, 3),(13, 5),(19, 13),(19, 19),(11, 21)
125-(0, 1),(5, 3),(13, 5),(19, 13),(19, 19),(11, 21),(3, 11)
149-(0, 1),(5, 3),(13, 5),(19, 13),(19, 19),(11, 21),(3, 11),(13, 13)
113-(0, 1),(5, 3),(13, 5),(19, 13),(19, 19),(11, 21),(13, 13)
137-(0, 1),(5, 3),(13, 5),(19, 13),(19, 19),(11, 21),(13, 13),(3, 11)
49-(0, 1),(5, 3),(13, 5),(13, 13)
59-(0, 1),(5, 3),(13, 5),(13, 13),(19, 13)
69-(0, 1),(5, 3),(13, 5),(13, 13),(19, 13),(19, 19)
74-(0, 1),(5, 3),(13, 5),(13, 13),(19, 13),(19, 19),(22, 21)
79-(0, 1),(5, 3),(13, 5),(13, 13),(19, 13),(19, 19),(11, 21)
109-(0, 1),(5, 3),(13, 5),(13, 13),(19, 13),(19, 19),(11, 21),(3, 11)
73-(0, 1),(5, 3),(13, 5),(13, 13),(3, 11)
103-(0, 1),(5, 3),(13, 5),(13, 13),(3, 11),(11, 21)
113-(0, 1),(5, 3),(13, 5),(13, 13),(3, 11),(11, 21),(19, 19)
118-(0, 1),(5, 3),(13, 5),(13, 13),(3, 11),(11, 21),(19, 19),(22, 21)
123-(0, 1),(5, 3),(13, 5),(13, 13),(3, 11),(11, 21),(19, 19),(19, 13)
67-(0, 1),(5, 3),(13, 5),(13, 13),(11, 21)
77-(0, 1),(5, 3),(13, 5),(13, 13),(11, 21),(19, 19)
82-(0, 1),(5, 3),(13, 5),(13, 13),(11, 21),(19, 19),(22, 21)
87-(0, 1),(5, 3),(13, 5),(13, 13),(11, 21),(19, 19),(19, 13)
97-(0, 1),(5, 3),(13, 5),(13, 13),(11, 21),(3, 11)
37-(0, 1),(5, 3),(3, 11)
61-(0, 1),(5, 3),(3, 11),(13, 13)
71-(0, 1),(5, 3),(3, 11),(13, 13),(19, 13)
81-(0, 1),(5, 3),(3, 11),(13, 13),(19, 13),(19, 19)
86-(0, 1),(5, 3),(3, 11),(13, 13),(19, 13),(19, 19),(22, 21)
91-(0, 1),(5, 3),(3, 11),(13, 13),(19, 13),(19, 19),(11, 21)
109-(0, 1),(5, 3),(3, 11),(13, 13),(19, 13),(13, 5)
79-(0, 1),(5, 3),(3, 11),(13, 13),(11, 21)
89-(0, 1),(5, 3),(3, 11),(13, 13),(11, 21),(19, 19)
94-(0, 1),(5, 3),(3, 11),(13, 13),(11, 21),(19, 19),(22, 21)
99-(0, 1),(5, 3),(3, 11),(13, 13),(11, 21),(19, 19),(19, 13)
137-(0, 1),(5, 3),(3, 11),(13, 13),(11, 21),(19, 19),(19, 13),(13, 5)
73-(0, 1),(5, 3),(3, 11),(13, 13),(13, 5)
111-(0, 1),(5, 3),(3, 11),(13, 13),(13, 5),(19, 13)
121-(0, 1),(5, 3),(3, 11),(13, 13),(13, 5),(19, 13),(19, 19)
126-(0, 1),(5, 3),(3, 11),(13, 13),(13, 5),(19, 13),(19, 19),(22, 21)
131-(0, 1),(5, 3),(3, 11),(13, 13),(13, 5),(19, 13),(19, 19),(11, 21)
67-(0, 1),(5, 3),(3, 11),(11, 21)
77-(0, 1),(5, 3),(3, 11),(11, 21),(19, 19)
82-(0, 1),(5, 3),(3, 11),(11, 21),(19, 19),(22, 21)
87-(0, 1),(5, 3),(3, 11),(11, 21),(19, 19),(19, 13)
97-(0, 1),(5, 3),(3, 11),(11, 21),(19, 19),(19, 13),(13, 13)
109-(0, 1),(5, 3),(3, 11),(11, 21),(19, 19),(19, 13),(13, 13),(13, 5)
125-(0, 1),(5, 3),(3, 11),(11, 21),(19, 19),(19, 13),(13, 5)
137-(0, 1),(5, 3),(3, 11),(11, 21),(19, 19),(19, 13),(13, 5),(13, 13)
85-(0, 1),(5, 3),(3, 11),(11, 21),(13, 13)
95-(0, 1),(5, 3),(3, 11),(11, 21),(13, 13),(19, 13)
105-(0, 1),(5, 3),(3, 11),(11, 21),(13, 13),(19, 13),(19, 19)
110-(0, 1),(5, 3),(3, 11),(11, 21),(13, 13),(19, 13),(19, 19),(22, 21)
133-(0, 1),(5, 3),(3, 11),(11, 21),(13, 13),(19, 13),(13, 5)
97-(0, 1),(5, 3),(3, 11),(11, 21),(13, 13),(13, 5)
135-(0, 1),(5, 3),(3, 11),(11, 21),(13, 13),(13, 5),(19, 13)
145-(0, 1),(5, 3),(3, 11),(11, 21),(13, 13),(13, 5),(19, 13),(19, 19)
150-(0, 1),(5, 3),(3, 11),(11, 21),(13, 13),(13, 5),(19, 13),(19, 19),(22, 21)