--L-7.F-7.--J.7.7.|.--F-F-7.F---..|.--J.F-7.7.F-F---F-L-J.F-----F-----7.7.--7.7.--F-|.--F-7.7...F-F-|.7.--F-|.--L---L-L-..L-..7.7.F-7.F---J...F---L-F-J.7.--F-|.--F-7.J.--F-|...F-7...F-F---7...F-J.7.F-L-7.F-|.--F---F-------F---F-L---F---7.J.7.F-..F-7.7...F-7.7.F-J...7.7...L-..7.J.
....|.|.|.....|.|.|...|.|.|.|.....|.....|.|.|.|.|...|.....|.....|.....|.|...|.|...|.|...|.|.|...|.|.|.|...|.|.................|.|.|.|.|.......|.....|...|...|.|...|.|.....|.|...|.|...|.|...|...|...|.|...|.|.|...|...|.......|...|.....|...|...|.|...|.|.|...|.|.|.|.....|.|.......|...
J...|.|.L---7.F-L-|...|.L-F-|...7.J.F---L-J.F---J.7.J...|.7...F---7.F-F-7.F-|.F-F---F---J.J.--7.7.J.|.F-..|.J.--|...|...F-L-7.----F-7.7.L-J.F-|.--L-L-L---7.J.|.|.L-J.7.--J.J...L-J.L---J.|.F-7.7.|.F---7.--J.....--F---J.L-F-F-F-J.J.|.|.7.|.7.--F---J.7.----L-7.--F-J.L-J.L-J.--L-....
....|.|.....|.|...|...|...|.|...|...|.......|.....|.....|.|...|...|.|.|.|.|.|.|.|...|.........|.|...|.|...|.....|...|...|...|.....|.|.|.....|.|...........|...|.|.....|...................|.|.|.|.|.|...|...........|.......|.|.|.....|.|.|.|.|...|.....|.......|...|...................
|.--|.--J.L-L-J.|.L-F-|.--J.|.F-J.F-7...L-7.--J.F-F-..--|.7.L-7.F-L-J.|.F-F---7.--J.|.|.7.L-7.F-7...|...----7.--L-F-7.F-|.F-7.J.F-|.|.L-L-F-7.L-7...7.J.J...--F-F-J.|.7.|.|...L-J.7...L-F---|...F-7.J...|.J.F-|.7.J.|.7.7...L-7.J.J.7.|...F-7.7.--J.7.L-J.F-J.--7...L-7.L-7.J.J.7.--L-F-
|...|...........|...|.|.....|.|...|.|.....|.....|.|.....|.|...|.|.....|.|.|...|.....|.|.|...|.|.|...|.......|.....|.|.|.|.|.|...|.|.|.....|.|...|...|.........|.|...|.|.|.|.......|.....|...|...|.|.....|...|.|.|...|.|.|.....|.....|.|...|.|.|.....|.....|.....|.....|...|.....|.....|.
F-F-7.L-F-7...F-L-F-L-..L-L---7.|.--J...L-------|.F---..--7.J.F-F---J.7.F-F-7.J.J.F-F-L-J.F---7.F-7.F-7.F-7...F-J.F---7.7.J.L-7.7...J...|.|.|.F-J.--7.--F-7...L-7.--7.L---J.--|.F---7.J.|.F-J.----7.--F-|.F---L-..----J.L-|.L-|.7.7.|.J.F-|.|.L---J.7.----7.7.----J.7.7.F-|.L-..|...|.J.
|.|.|...|.|...|...|...........|.|...............|.|.......|...|.|.....|.|.|.|.....|.|.....|...|.|.|.|.|.|.|...|...|...|.|.....|.|.......|.|.|.|.....|...|.|.....|...|.........|.|...|...|.|.......|...|.|.|...............|...|.|.|.|...|.|.|.......|.....|.|.......|.|.|.|.....|...|...
F-L-J.7.F-F---F-7.L-L-F-..F-J.7.....--L---J.J.7.|.J...F-L-L---F-F-7.L---L-J.L-|.F---L-J.J.J.L-F-J1L-J1L-7.F-7.|.F-|1F-J.7.L-F-F-J.F-L-F-F-F-J.J.J.7.L---J.F-J.J.L-L-|.7.|.------|.--7.--J.7.|...--|.L-L-J.7.|.L-F-|.J.7.F-7.--J...L-J.7.--L-J.F-L-L---7...F-L-7...L-F-7.|.|...F-J.7.J.F-
|.....|.|.|...|.|.....|...|...|...............|.|.....|.......|.|.|...........|.|.............|.........|.|.|.|.|.|.|...|...|.|...|...|.|.|.......|.......|.........|.|.|.......|...|.....|.|.....|.......|.|...|.|...|.|.|...........|.......|.......|...|...|.....|.|.|.|...|...|...|.
L-..L-|.L-|.7.J.7.7.L-L-F-L-7.L-----L---7.J.J.J.L-J.--7.J.7.F-J.L-F-..|.7.F---F---F-J.J.|...--L-----71F-J.|1|.F---J1|.J.J.7...F-7.J.|.F-J.|.J.J.L-7.7.F-L---..|.L-F-|...F-7.--L-L-J.|.|.F-F-----7.F---J.--L-J...F-J...L-J.J.|.|.--..F-F-7.--L-L-7.F-L-..7.J.J.F-7...J.L---J.--J.--L---|.
......|...|.|...|.|.....|...|...........|.............|...|.|.....|...|.|.|...|...|.....|...........|.|...|.|.|.....|.....|...|.|...|.|...|.......|.|.|.......|...|.|...|.|.........|.|.|.|.....|.|.............|...........|.|.....|.|.|.......|.|.....|.....|.|.....................|.
|.7.J.L-7.L-J.--F-7.7.7.J.F---J...F-J.F-L-7.7.F-|.|.......--7.--F-J.7.F-|.J.--|.F-J.L-|.7.F-J.L-F-7.|1L-7.|1|.|1F-71|.F-7.--F-J1|.L-|.J.F-7.|.F---F-J.|...|...7.--F-J.--|.J.--..L---L-J.J.J.J.F-J.|.L-7.7.|.--F-J.F-F-J.J.F-F-|.--L-7...----..L---F-..L-7.|.F-7.----7.F-|.|.L-7.|.L-F-J.
|.|.....|.......|.|.|.|...|.......|...|...|.|.|.|.|.........|...|...|.|.|.....|.|.....|.|.|.....|.|.|...|.|.|.|.|.|.|.|.|...|...|...|...|.|.|.|...|...|...|...|...|.....|.....................|...|...|.|.|...|...|.|.....|.|.|.....|.............|.....|.|.|.|.....|.|.|.|...|.|...|...
|.|.L-F-|.------F-J.|.|.J.L-7...7.7.7.L-7.7.7.F-7.--F-J.--|.L-|.J.F---F-J.J.7.J.|.J.F-F-7.F-F---J1L-J1F-J.|1|.L-J.|1L-J1L-7.L-71L-7.F---J1L---7.7.J.J.|.--7.L-F---7...L-L-J...F-L---|.....F-----J.F-7.L-7.7.F-7.J.--L-----|.------F-7...|.|.|.J.....|...|.7.L-J...|.|.L-L-J.F-|.7.F-F-J.
|.|...|.|.......|...|.|.....|...|.|.|...|.|.|.|.|...|.....|...|...|...|.....|...|...|.|.|.|.|.........|...|.|.....|.......|...|...|.|.........|.|.....|...|...|...|...........|.....|.....|.......|.|...|.|.|.|...........|.......|.|...|.|.|.......|...|.|.......|.|.......|.|.|.|.|...
--..L-J.J.L---J...F-F-|.|.L-|.J.....--..|.J.7.|.|...--7.L---7.7.F-J...--..L---..|.7.F-F-7.7.L-------71L-7.|1|.J.F-J1F-----J.--L-71|.L-71F-----J.J.7.7.F-J.|.--|.--J.7.7...|.F-7.F-L-F-----7.--J.L-|...F-..F---J.....J.J.F-L-J...--F-7.------J.F-7.F-L-----F-7.L-F-F-L-7.--|.F-|.F---F-J.
..................|.|.|.|...|...........|...|.|.|.....|.....|.|.|...............|.|.|.|.|.|.........|...|.|.|...|...|...........|.|...|.|.........|.|.|...|...|.....|.|...|.|.|.|...|.....|.......|...|...|.............|.........|.|.........|.|.|.......|.|...|.|...|...|.|.|.|...|...
L---7...7.J...L---|.J.7.7.J.|.|.7...F---7.F---7.7.--L-|...L-J.F-----F-|.7.|.L-7.F-F-7.|1|.F-7.--F---J1F-J.|1|.F-J1F-J.--F-7.F-F-J1L-7.|1L-7.F-7.J.F-----7.7...F-7.--F-7.F-7.--|.7.7.L---71|.7.F-7.F---7.F-F-J.F---J.J.F-F-J.F-|...|.J.J.L-|.J.--L-J.--7.J.J.L-7.J.7.--|.7.F-|.F-----J...
....|...|.........|...|.|...|.|.|...|...|.|...|.|.....|.......|.....|.|.|.|...|.|.|.|.|.|.|.|...|.....|...|.|.|...|.....|.|.|.|.....|.|...|.|.|...|.....|.|...|.|...|.|.|.|...|.|.|.....|.|.|.|.|.|...|.|.|...|.......|.|...|.|...|.......|...........|.......|...|...|.|.|.|.|.........
..F-F---L-F-..|.F-J...--J...L-L---7.7.L-L-F-J.L-F-7.7.F-7...F-7.|...F-F-7.7.F---F-J1L-J1|.|1|.F-J1F-71L---J1|.L-71|.F---J1L---J1F---J.L-71|.|1|...L---71L-7.--|1|.F-J1L-J1L---7...F-F-F-J1L---J1L-7.L-L-7.|.--|.|...L-F-J.J...F-F-7.J.J...|.7.....L-F-L---F-J.L-L-7.--L-----J.|.L-|.L-J.
..|.|.....|...|.|.................|.|.....|.....|.|.|.|.|...|.|.|...|.|.|.|.|...|.......|.|.|.|...|.|.......|...|.|.|...........|.......|.|.|.|.......|...|...|.|.|...........|...|.|.|...........|.....|.|...|.|.....|.......|.|.|.......|.|.......|.....|.......|...........|...|.....
L---L-7.7.L-F-7.J.L-7...F-7.L-|.J...|.L-F-|.L---|1L-7.|1|.7.|1L-7.F-----7.F-7.--L-----71|.|1|.L---J.L---71F-J.F-J1|.L-------71F-J.F-7.F-J1L-J1L-7.F-7.|1F-J.F-J1|.L-71F---71F-J.7.F-7.L-------71F-J.F-7.L-|.--L-7.----J.F-F-F---J1|.....7.|.|.--7.--|.|.|.L-7.|.F-L-7.J.|.L-7.J...L-L-|.
......|.|...|.|.....|...|.|...|.....|...|.|.....|...|.|.|.|.|...|.|.....|.|.|.........|.|.|.|...........|.|...|...|.........|.|...|.|.|.........|.|.|.|.|...|...|...|.|...|.|...|.|.|.........|.|...|.|...|.....|.......|.|.|.....|.....|.|.|...|...|.|.|...|.|.|...|...|...|.........|.
F-|.|.....F-..J.J.F-L-----|.F-7.F-7.F-F-F-L-7.--L-71|.|1L-7.L-71|.L---71|.|1|.--F-7.F-J1L-J1L---7.F-----J1|.7.L-71L-7.F-7.F-J1|.--|1|.|1F-------J.|1L-J1L-7.L-71L-7.|1L-7.L-J.--F-J1L---7.7.F-J1L---J1L-7.7.|.L-|...L---F---|1F---J.....L-|.|.|.|.F---7.--..F-J.--L-J...|.--|...F-F-..F-
|.|.|.....|.......|.......|.|.|.|.|.|.|.|...|.....|.|.|...|...|.|.....|.|.|.|...|.|.|...........|.|.......|.|...|...|.|.|.|...|...|.|.|.|.........|.......|...|...|.|...|.......|.......|.|.|...........|.|.|...|.......|...|.|...........|.|.|.|.|...|.....|...........|...|...|.|...|.
--..7.F-L-7.F-|.|.|.F-....--L-J.--L-----|...F---7.|1|.|1F-J.--|1|.F---J1|.|1L-7.|1L-J1F-71F-----J.L-----71|.F-7.L-71|.|1|.L-71L-7.|1|.|1L-7.F---7.L-----71|...L-71L-J1F-J.F-7.J.L-----71|.F-J1F---------J.L-7.7.F-F-7...F---|1|.J.J.F-|.7...|.J.F-7.F-J.L-F-..|.J.L-L---J.F-L-F-J.L-7.L-
....|.|...|.|.|.|.|.|...................|...|...|.|.|.|.|.....|.|.|.....|.|...|.|.....|.|.|.............|.|.|.|...|.|.|.|...|...|.|.|.|...|.|...|.......|.|.....|.....|...|.|.........|.|.|...|.............|.|.|.|.|...|...|.|.....|.|.|...|...|.|.|.....|...|...........|...|.....|...
L-7.J.J.7.L-F-..J.7.L-F-7.J.F-7...7.7.L-|.F-L-71|.|1|.|1|.F-7.|1|.L---71L-J1F-J.L-71F-J.|1L-7.J.F-7.F-7.|1L-J1|.F-J1L-J1L-7.|1F-J.|1|.|1F-J.|1F-J.J.F-7.|1|.F-7.|1F---J.F-J1L---7.F-7.|1|.L-71|.F-7.F-7.|.--F-F-7.J.F-F-7.L-|1|...7...F---F-----|1|.7.F-F-7.--L-..7...F-7.L---7...L---7.
..|.....|...|.....|...|.|...|.|...|.|...|.|...|.|.|.|.|.|.|.|.|.|.....|.....|.....|.|...|...|...|.|.|.|.|.....|.|.........|.|.|...|.|.|.|...|.|.....|.|.|.|.|.|.|.|.....|.......|.|.|.|.|...|.|.|.|.|.|.|...|.|.|...|.|.|...|.|...|...|...|.....|.|.|.|.|.|.......|...|.|.....|.......|.
F-F---L-F-----7.----..|.F-----|.7.J.F-F-F---7.|1|.|1|.|1|.|1|.|1|.F-7.L---71L---7.|1|.L-L-71L-7.|1L-J1|.|1F---J.L---71F-71L-J1|.|.|1|.|1|.F-J1L-7.F-J1L-J1L-J1L-J1L---7.L-71F---J.|1L-J1L---J1L-J1L-J1L---7.F-J1|.F-7.|1L-7.|1|.F-7.F---7.J.L-F-J1L-----J1|.J.J.L-----J.--..F-L-J.J.J.|.
|.|.....|.....|.......|.|.....|.|...|.|.|...|.|.|.|.|.|.|.|.|.|.|.|.|.....|.....|.|.|.....|...|.|.....|.|.|.........|.|.|.....|.|.|.|.|.|.|.....|.|...................|...|.|.....|.......................|.|...|.|.|.|...|.|.|.|.|.|...|.....|...........|.................|.........|.
F-..F-F-7...L-|.7.|.--7.|...F-L-----F---J1F-J.|1|.|1|.|1|.|1L-J1L-J1L-7.F-J1F---J.L-J.F-7.|1F-J.L---71|.|1|.7.F-7.|.L-J.L---71L---J1|.|1|.L---71|.L-71F---------71F---J.F-J1L---7.L-------71F---71F-71F---J.L-71L-J1L-J1F-J.|1|.|1|.|1F-J.F-7.L-71F-------J.J.|.L-J.--J...L-F-..L-F-F-7.
|...|.|.|.....|.|.|...|.|...|.......|.....|...|.|.|.|.|.|.|...........|.|...|.........|.|.|.|.......|.|.|.|.|.|.|.|.........|.......|.|.|.....|.|...|.|.........|.|.....|.......|.........|.|...|.|.|.|.......|.........|...|.|.|.|.|.|...|.|...|.|...........|.............|.....|.|.|.
L-F---L-L-7...F-F-7.7...F-F---..|.--L---71L---J1L-J1L-J1|.L---------71|.L-71L---7.F-7.|1L-J1L-----7.|1|.|1|.F-J1L-7.F-F-7.F-J1F-71F-J.|1|.F-7.|1|.F-J1L-7.F---7.L-J.F---J1F-71F-J.F-F-7.F-J1L-7.L-J.|1|.F---7.L-----71F-J.F-J1|.|1|.|1|.F-J1|.F-J1L---7.J.|.J.F-7.L-F-J.|.7.L-|.7.....|.
..|.......|...|.|.|.|...|.|.....|.......|...............|...........|.|...|.....|.|.|.|...........|.|.|.|.|.|.....|.|.|.|.|...|.|.|...|.|.|.|.|.|.|.....|.|...|.....|.....|.|.|...|.|.|.|.....|.....|.|.|...|.......|.|...|...|.|.|.|.|.|...|.|.......|...|...|.|...|...|.|...|.|.....|.
L-J.J.J.|.|.--L-J.F-F-..L-..|.--L---|.F-|1F-----------71|.F-----7.F-|1L-7.|1F-71|.|1|.L-----71F---J.|1|.|1|.L---71L-7.|1L-J1F-J.L-J.F-J1L-J1L-J1|.|1F---J.|1F-J.F-7.L---71|.L-J.F---J1L-J1F---J.F-7.L-J.L-71|...F---J1L-7.|1F-J.|1L-J1|.L-71|.|1F-----J.--F---7.7.J.L---F-J...L-|...F-|.
........|.|.......|.|.......|.......|.|.|.|...........|.|.|.....|.|.|...|.|.|.|.|.|.|.......|.|.....|.|.|.|.....|...|.|.....|.......|...........|.|.|.....|.|...|.|.....|.|.....|.........|.....|.|.......|.|...|.......|.|.|...|.....|...|.|.|.|.........|...|.|.......|.......|...|.|.
F-F-F-------7.L---|.L-7.F-7.7.J.|.F-7.F-J1|.F-------7.|1|.L-71F-J.F-J1F-J.|1|.L-J.|1|.L-F-7.|1L-7.F-J1|.|1L-7.L-|1F-J.L---71L---7.7.L-----71F-71L-J1L---7.|1L-7.|1L-7.F-J1L---7.L-71F-71F-J.F-7.|1L---7.F-J1L-7.L-----71|.|1L-7.L---71L-7.|1L-J1L-----7.7.....L-7.F---7.J.F-|...L---J.|.
|.|.|.......|.....|...|.|.|.|...|.|.|.|...|.|.......|.|.|...|.|...|...|...|.|.....|.|...|.|.|...|.|...|.|...|...|.|.......|.....|.|.......|.|.|.........|.|...|.|...|.|.......|...|.|.|.|...|.|.|.....|.|.....|.......|.|.|...|.....|...|.|...........|.|.......|.|...|...|.|.........|.
L---|.7.L---|.J.--F-F-J.F-L---F---J1|.L-71|.|1F---71L-J1|.F-J1|.L-L-71|.F-J1L-7.F-J1L-7.|1|.|1F-J.L-71|.|1F-J.F-J1L---7.7.|1F---J.F-7.F-7.L-J.L-------71L-J1F-J.|1F-J.|1F-----J.|.L-J.|1L-7.|1L-J1F---J.L---71L-7.F---J1|.|1F-J.F-7.|1F-J.|1F---------J.7.--|.L-|.F-L-------J.J.J...L-F-
....|.|.....|.....|.|...|.....|.....|...|.|.|.|...|.....|.|...|.....|.|.|.....|.|.....|.|.|.|.|.....|.|.|.|...|.......|.|.|.|.....|.|.|.|.............|.....|...|.|...|.|.......|.....|...|.|.....|.........|...|.|.....|.|.|...|.|.|.|...|.|...........|...|...|.|...................|.
L-L-|.7.J...|.--F---L---J.|.7.L---71|...L-J.|1|.J.L---71|.|1F-J.F---J1|.L-71F-J.L---71|.|1|.|1|...F-J1L-J1L-7.|1F-71F-J.F-J1L-7.--|1|.|1|.F-7.F-------J1F---J.F-J1|.F-J1L---7.F---7.F-J1F-J.|1F---J.F-7.F-7.|1F-J.L-71F-J.|1|.J.|1|.|1L---J1L---------7.J.|.L---L-7...|.7.|...L-7.F-F-F-
....|.|.....|...|.........|.|.....|.|.......|.|.......|.|.|.|...|.....|...|.|.......|.|.|.|.|.|...|.........|.|.|.|.|...|.....|...|.|.|.|.|.|.|.........|.....|...|.|.......|.|...|.|...|...|.|.....|.|.|.|.|.|.....|.|...|.|...|.|.|.................|...|.......|...|.|.|.....|.|.|.|.
L-|...|.J.F-L-7.J.7.L-L-7.|.L-J.F-J1L-----7.L-J.F-7.F-J1L-J1|...L---71|.F-J1L-7.F-7.|1|.|1|.|1L-7.L-----71F-J.L-J.|1L---J1F---J.F-J1|.|1|.|1|.L-----71F-J.F-7.|1F-J.|1F-----J.L-71|.L-71|.J.|1L---7.|1|.|1|.|1|.F-7.|1L-7.|1L-7.|1L-J1F-----71F-------J.J.F-7.|.7.L-F-F-J.--7...J.7.L-J.
..|...|...|...|...|.....|.|.....|.........|.....|.|.|.......|.......|.|.|.....|.|.|.|.|.|.|.|...|.......|.|.......|.......|.....|...|.|.|.|.|.......|.|...|.|.|.|...|.|.........|.|...|.|...|.....|.|.|.|.|.|.|.|.|.|...|.|...|.|.....|.....|.|...........|.|.|.|...|.|.....|.....|.....
F-L-L-F-J.F-L-|.7.|.7...F-|.J.F-L---71F-71L-7.F-J1L-J1F---71L-7.F---J1L-J1F---J.|1|.|1|.|1L-J1F-J.F-F-7.|1|.F-7.|.|1F---71|.F-7.|1F-J.|1L-J1|.F-7.|.|1|.F-J1L-J1L-7.|1L---7.F-7.|1|.7.|1L-7.|1F---J.|1L-J1|.|1|.|1|.L-71L-J1F-J.L-71F-J.F-7.L-J...F-------J1L-7.7.F-7.L-J.J.|.7.|.F---L-
|.....|...|...|.|.|.|...|.|...|.....|.|.|...|.|.......|...|...|.|.........|.....|.|.|.|.|.....|...|.|.|.|.|.|.|.|.|.|...|.|.|.|.|.|...|.....|.|.|.|.|.|.|.........|.|.....|.|.|.|.|.|.|...|.|.|.....|.....|.|.|.|.|...|.....|.....|.|...|.|.......|...........|.|.|.|.......|.|.|.|.....
|.F-L-..F---7...|.J.F-7.F-|.L-F-L-F-J1|.L-71L-J1F-----J...L-71|.L-71F---71L-----J1|.|1|.L---71|.L-F-J1L-J1L-J1L-7.L-J.F-J1L-J1L-J1L---J1F-71|.|1L---J1L-J1F-71F---J.|1F---J.|1|.|1|.F-J1F-J.|1L---7.L---71|.|1|.|1L-7.L---71|.F-7.|1L---J1L-----7.|1F---------J.L---|.J.|.F-7.7.|.J.7.|.
|.|.....|...|...|...|.|.|.|...|...|...|...|.....|...........|.|...|.|...|.........|.|.|.....|.|...|.............|.....|.................|.|.|.|...........|.|.|.....|.|.....|.|.|.|.|...|...|.....|.....|.|.|.|.|...|.....|.|.|.|.|.............|.|.|...............|...|.|.|.|.|...|.|.
L-|.L-7.L-L-J.--F-7...L-L-----F-J.L---J.F-J1F---J.F-7.F-7.F-|1L-7.L-J...L-----71F-J.|1L-7.F-J1L-7.L-----71F---71|.F-7.|1F---71F-71F-----J.L-J.L-71F---71F-J.L-J.F---J1|.F-7.|1|.|1|.L-71|.L-|1F---J.F---J1|.|1|.|1F-J.F-7.|1L-J1L-J1F-71F-71F-71L-J1L-7.F---7.7.F-L-|.F-7.--F-7.F---J.J.
..|...|.........|.|...........|.........|...|.....|.|.|.|.|.|...|.............|.|...|...|.|.....|.......|.|...|.|.|.|.|.|...|.|.|.|.............|.|...|.|.......|.....|.|.|.|.|.|.|...|.|...|.|.....|.....|.|.|.|.|...|.|.|.........|.|.|.|.|.|.......|.|...|.|.|...|.|.|...|.|.|.......
F-|.7.J.--F-J.7.L-L-F-7.J...|.|.F-|.L-L-L---J.F-7.|1L-J1L-7.|1F-J.F-7.F-------J1L-7.|1F-J.L-71F-J.F-7.F-J1L-7.L-J.|1|.L-J.F-J1|.L-J.F-----7.F-7.L-J.7.|1L---7.F-J1F---J.|1L-J1|.|1|.7.|1L-7.|1|.F-7.L---71L-J1|.|1|.F-J1|.|1F-------J.L-J.L-J.L-------J.|1F-J.7.J.--F-F-7.L-L-F-7.7.|.7.
|.|.|.....|...|.....|.|.....|.|.|.|...........|.|.|.......|.|.|...|.|.|...........|.|.|.....|.|...|.|.|.....|.....|.|.....|...|.....|.....|.|.|.....|.|.....|.|...|.....|.....|.|.|.|.|...|.|.|.|.|.....|.....|.|.|.|...|.|.|...........................|.|...|.....|.|.|.....|.|.|.|.|.
--7.J.J...J.--|.--J...J.--L-7.7.--J.7.F-F-----J1|.L-----71|.|1L-7.|1|.L-----71F---J.|1|.F-7.|1|.F-J1|.L-71F-J.L-F-J1L---7.L-71L-7.J.|1F---J.|1L-7.F-7.|1F---J.L-71L-7.|.L---71|.|1L-7.L-71L-J1|.|1L-7.|.L-71F-J.|1|.L-71|.|1L-------7.F---7.F-7.F-------J1|.F-7.J.F-7.|1|.7...L-|.F-F-7.
..|...........|.............|.|.....|.|.|.......|.......|.|.|...|.|.|.......|.|.....|.|.|.|.|.|.|...|...|.|.....|.......|...|...|...|.|.....|...|.|.|.|.|.......|...|.|.....|.|.|...|...|.....|.|...|.|...|.|...|.|...|.|.|.........|.|...|.|.|.|.........|.|.|...|.|.|.|.|.....|.|.|.|.
L-J.7...7...F-7.7.7.F-J.7...--J.J...L---L-----71L-7.|.F-J1|.|1F-J.|1|.F-----J1|.F---J1|.|1|.|1|.L-71L-7.|1|.F-7.L-71F---J.--L-71L---J1|.F-7.|1F-J.|1|.|1L-7.F-7.|1F-J.F-7.F-J1L-J1F-J.F-J1F---J.|1F-J.F---J1|.F-J1L-7.|1|.|1F-------J.|1F-J.|1|.|1F-----71L-J1L---J1L-J1L-7.J.F-L-7...7.
....|...|...|.|.|.|.|...|.....................|...|.|.|...|.|.|...|.|.|.......|.|.....|.|.|.|.|...|...|.|.|.|.|...|.|.........|.......|.|.|.|.|...|.|.|...|.|.|.|.|...|.|.|.......|...|...|.....|.|...|.....|.|.....|.|.|.|.|.........|.|...|.|.|.|.....|.................|...|...|...|.
|.----7...F-F-L---J.L-F-F-7.|.....7...|.7.F-7.L-71L---J1F-J.|1L-7.|1|.L-----71|.L---71L-J1L-J1L-7.L-71|.|1L-J1|.F-J1|.F-7.L-F-J1F-71F-J.|1|.|1|.F-J1L-J1F-J.|1L-J1L-7.|1|.L-71F-71L-7.L-71L-7.J.|1L-7.|1F---J.L---71|.|1L-J1L---7.F-7.|1|.F-J1|.|1L---7.L-------71F-71F---J.J.7.--F---|.
|.....|...|.|.........|.|.|.|.....|...|.|.|.|...|.......|...|...|.|.|.......|.|.....|...........|...|.|.|.....|.|...|.|.|...|...|.|.|...|.|.|.|.|.......|...|.......|.|.|...|.|.|...|...|...|...|...|.|.|.........|.|.|.........|.|.|.|.|.|...|.|.....|.........|.|.|.|.......|...|...|.
J.--L-L-7.F-|...|...--L-L-F-7...F-7.--F---J1|.--L-----71L-7.L-71|.|1L-7.F-7.|1L---7.L-----71F---J.L-|1L-J1F---J.L-71|.|1|.F-J1F-J.L-J.F-J1L-J1|.L---71F-J...L-----71|.|1L-7.L-J.|1F-J.L-L-71L-7.|1F-J.|1|.L-F-7.F-J1|.|1F-----71L-J1L-J1L-J1F-J.|1F---J.F-----7.|1|.L-J.J.L-L-F---J.J.|.
........|.|.|...|.........|.|...|.|...|.....|.........|...|...|.|.|...|.|.|.|.....|.......|.|.......|.....|.......|.|.|.|.|...|.......|.......|.....|.|...........|.|.|...|.....|.|.......|...|.|.|...|.|...|.|.|...|.|.|.....|.............|...|.|.....|.....|.|.|...........|.......|.
..|...L-7.F-F-F-7.F-..F-F-J1L---J1L-7.L---71|.F-7.F-7.L-71|.F-|1|.|1F-J.|1|.|1F---J.F-7.7.|1L---7.F-J1F---J.F---7.|1L-J1|.L-71|.F-----J1F-----J.F---J1L---7...F-7.|1|.|1F-J.F-7.|1|.L-F-F-J1F-J.|1L-7.|1L-7.|1|.L-71L-J1L-7.F-J1F-----71F-71L---J1L-7.L-|1F---J.|1|.J.F-L-..F-L-7.F-F-|.
..|.....|.|.|.|.|.|...|.|...........|.....|.|.|.|.|.|...|.|.|.|.|.|.|...|.|.|.|.....|.|.|.|.....|.|...|.....|...|.|.....|...|.|.|.......|.......|.........|...|.|.|.|.|.|...|.|.|.|...|.|...|...|...|.|...|.|.|...|.......|.|...|.....|.|.|.........|...|.|.....|.|...|.....|...|.|.|.|.
F-J.J.7.L-F-J.J.7...F-F-L---------71L-7...|1|.|1L-J1L---J1L---J1|.|1L-7.|1L-J1L-7...|1L-7.L-71F-J.|1F-J.F-7.L-71|.L---71L-7.|1|.|1F-----J...F-7.L-71F-----J.F-J1|.|1L-J1L-7.|1L-J1L-7.F-J1F-J.L-|1F-J.L-71|.|1|.L-|1F-----J.L-71L---7.L-J.|1F-71F-71L---J1L---7.L-J.7.F-----7.F-F-|.--J.
|.....|...|.....|...|.|...........|...|...|.|.|.................|.|...|.|.......|...|...|...|.|...|.|...|.|...|.|.....|...|.|.|.|.|.........|.|...|.|.......|...|.|.......|.|.......|.|...|.....|.|.....|.|.|.|...|.|.........|.....|.....|.|.|.|.|...........|.....|.|.....|.|.|.|.....
|.|.L-----L-L---F-F-F---7.J.F-7...L-71L---J1|.L-------------71F-J.|1F-J.L-71F---J.F-J1F-J...|1L-7.|1L-7.|1L-7.|1|.F-7.|1F-J.|1|.|1|.F-7.F-7.|1|.F-J1|.F-7.7.L-71|.L---71F-J.L-71F---J.L-71|.F-7.|1|.F-7.|1|.|1L---J1L-------7.L-----J.F-7.L-J.L-J.L-71F-71F---J.F-7.--F-7.J.|.J...|.J.7.
|.|.............|.|.|...|...|.|.....|.......|...............|.|...|.|.....|.|.....|...|.....|...|.|...|.|...|.|.|.|.|.|.|...|.|.|.|.|.|.|.|.|.|.|...|.|.|.|...|.|.....|.|.....|.|.......|.|.|.|.|.|.|.|.|.|.|...............|.........|.|...........|.|.|.|.....|.|...|.|...|.....|...|.
L-7.7.L-7.|.J.7.F-7.L-71|.F-|1|.F-7.L-----71|.F-------------J1L---J1L-7...|1|.F-7.L-71|.F-7.|1F-J.|1F-J.L-71|.|1|.|1|.|1|.--|1|.|1|.|1|.|1|.|1|.|1F-J.|1|.F-7.|1|.F-7.|1|.F-7.|1|.L-F-7.|1|.|1|.|1|.|1|.|1|.L-71F-----------J.F-7.F-7.|1L-7.F-7.F-7.|1|.|1L-7.|.|1|.7...|.F-..|...|.|.|.
..|.|...|.|...|.|.|...|.|.|.|.|.|.|.......|.|.|.......................|...|.|.|.|...|.|.|.|.|.|...|.|.....|.|.|.|.|.|.|.|...|.|.|.|.|.|.|.|.|.|.|.|...|.|.|.|.|.|.|.|.|.|.|.|.|.|...|.|.|.|.|.|.|.|.|.|.|.|...|.|.............|.|.|.|.|...|.|.|.|.|.|.|.|...|.|.|.|.|...|.|...|...|.|.|.
F-L-J.7.F-F-7.F-7.F---J1L-7.|1|.|1|.F-7.L-|1|.L---------71F-71F-71F-71L-7.|1|.|1|.F-J1|.|1|.|1|.F-J1|.F---J1L-J1|.|1L-J1L-7.|1|.|1|.|1|.|1|.|1|.|1L-7.|1|.|1|.|1|.|1|.|1|.|1|.|1L-7.|1|.|1|.|1L-J1L-J1|.|1L-7.|1L-----7.F---7.|1L-J1L-J1F-J.|1L-J1|.L-J.L---J.F-J1L-7.J.7.|.7...F-7.--F-
|.....|.|.|.|.|.|.|.......|.|.|.|.|.|.|...|.|...........|.|.|.|.|.|.|...|.|.|.|.|.|...|.|.|.|.|.|...|.|.........|.|.......|.|.|.|.|.|.|.|.|.|.|.|...|.|.|.|.|.|.|.|.|.|.|.|.|.|...|.|.|.|.|.|.........|.|...|.|.......|.|...|.|.........|...|.....|...........|.....|...|.|.|...|.|...|.
F-J.F-|.--J.F-|1L-J1F---71L-J1L-J1L-J1L---J1L-----------J1|.|1|.L-J.L-71L-J1|.|1L-J111|.|1|.|1|.|1F-J.|1F-7111F-J.|111F---J.|1|.|1L-J1|.|1|.|1|.L-71|.|1L-J1L-J1L-J1|.|1|.|1|.|1F-J.|1L-J1L-J111F-----J.L-71|.L-71F---J.L-71|.|1F-------J.--|1F---J.F---7.F-7.L-71F-J.7.|.L-L-7.L-F-..|.
|...|.|.....|.|.....|...|.................................|.|.|.......|.....|.|.....|.|.|.|.|.|.|.|...|.|.|...|...|...|.....|.|.|.....|.|.|.|.|...|.|.|.............|.|.|.|.|.|.|...|...........|.........|.|...|.|.......|.|.|.|...........|.|.....|...|.|.|...|.|...|.|.....|...|...|.
|.|.--J.J.|.L-L-71F-J.--L-----71F-71F---71F-71F-----71F-71|.L-J.J.F-7.L-71F-J.L-----71|.|1L-J1L-J1L-7.L-J.L-71L-7.L-71|.F-7.|1|.L---71|.|1|.|1L-7.|1|.L-----71F-----J.|1|.|1|.|1L-7.|1F---71F-71|.F-7.F-7.|1L---J1|.F---7.|1L-J1L-7.F-------J1L-----J1F-J.|1L---J1L-7.--L-----7.J.F---J.
|.|.......|.....|.|...........|.|.|.|...|.|.|.|.....|.|.|.|.......|.|...|.|.........|.|.|...........|.......|...|...|.|.|.|.|.|.....|.|.|.|.|...|.|.|.......|.|.......|.|.|.|.|...|.|.|...|.|.|.|.|.|.|.|.|.......|.|...|.|.......|.|.................|...|.........|.........|...|.....
L-|.L-7...F-|.F-L-J.L-F-7.F---J1|.|1L-7.L-J.|1|.F---J1|.|1|.F-----J1L---J1|.F-7.F---J1L-J1F---------J.F---7.L-71|.F-J1|.|1L-J1|.F---J1|.|1|.|1F-J.|1L-7.F-7.|1|.F---7.|1|.|1|.|1F-J.L-J.F-J1|.L-J.|1|.|1|.L-71F---J.|1F-J.|1F-----J.|1F-------71F-----J.F-J1F-------J.|...L-7.J.7...L-J.
..|...|...|.|.|.......|.|.|.....|.|...|.....|.|.|.....|.|.|.|.............|.|.|.|.........|...........|...|...|.|.|...|.|.....|.|.....|.|.|.|.|...|...|.|.|.|.|.|...|.|.|.|.|.|.|.......|...|.....|.|.|.|...|.|.....|.|...|.|.......|.|.......|.|.......|...|.........|.....|...|.......
F-J.7...7.--|.J.7.L-F-J1L-J1F-71|.L---J.F-7.L-J.|1F-71|.L-J.L-----------71|.|1|.L-------71L---7.F-7.F-J111L-7.|1|.L-71|.|1F---J.L-7111L-J1|.|1|.F-J1F-J.|1|.|1|.L-71|.|1|.|1|.|1L-7.F-7.L-71L-7.F-J1|.|1|.F-J1L-----J1|.J.|1|.F-7.|.|1|.F-7.--L-J.|.F---J1F-J.F-7.F-7.7.F-7.F-F-----F-7.
|...|...|...|...|...|.......|.|.|.......|.|.....|.|.|.|.................|.|.|.|.........|.....|.|.|.|.......|.|.|...|.|.|.|.......|.......|.|.|.|...|...|.|.|.|...|.|.|.|.|.|.|...|.|.|...|...|.|...|.|.|.|...........|...|.|.|.|.|.|.|.|.|.......|.|.....|...|.|.|.|.|.|.|.|.|.....|.|.
F---L-F-J.J.L-L-F-7.L-----71|.|1|.F-----J1L---7.L-J.L-J.F-7.F-F---------J1L-J1L---7.F---J111F-J.|1|.L-----71|.|1|.F-J1|.|1L-7.F-7.L-71F-71L-J1|.L-71L-7.|1|.|1|.F-J1L-J1|.|1L-J111L-J1|.F-J1F-J.L-71L-J1L-J111F-71F-71L-7.|1L-J1L-7.|1L-J1L-7.|.F-7.|1F---J.7.|1L-J1L-------7.J.|.7.L-L-
|.....|.........|.|.......|.|.|.|.|...........|.........|.|.|.|...................|.|.....|.|...|.|.......|.|.|.|.|...|.|...|.|.|...|.|.|.....|...|...|.|.|.|.|.|.......|.|.....|.....|.|...|.....|.........|.|.|.|.|...|.|.......|.|.......|.|.|.|.|.|.....|.|.............|...|.|.....
L-..|.L-J.J.F-F-J1|.F---7.|1|.|1|.|1F-71F---71L-----7.F-J1|.F-J1F-71F-71F-71F-7111L-J1F---71L-7.|1L---7.F-J1|.|1|.L-71|.|1F-J.|1L-7.L-J.L---71L-7.L-71|.|1L-J1L-J111F-71|.L-71F-------J.L-71L-7.F-J1F---------J.L-J.L-71L-J1F---71L-J1F---71L-7.|1|.|1|.F-----J1F-----------J.7.--J.7...
....|.......|.|...|.|...|.|.|.|.|.|.|.|.|...|.......|.|...|.|...|.|.|.|.|.|.|.|.......|...|...|.|.....|.|...|.|.|...|.|.|.|...|...|.........|...|...|.|.|...........|.|.|...|.|...........|...|.|...|.................|.....|...|.....|...|...|.|.|.|.|.|.......|.............|.....|...
L-7.--|.7.L-L-L-71|.|1F-J.|1|.|1|.|1|.|1L-7.L-71F-71|.L-71|.L---J.L-J.L-J.L-J.L-------J.F-J111|.|111F-J.L-71L-J1|.F-J1|.|1|.F-J111L-7.F-----J111L-7.|1|.|111F---71F-J.L-J.F-J1|.F-7.F-7.F-J111|.L-71|.F-------------7.|1F-71L-7.|1F-71L-7.L-71L-J1|.|1|.|1F-----J.F-----7.F-7.J.|...|...
..|...|.|.......|.|.|.|...|.|.|.|.|.|.|...|...|.|.|.|...|.|.............................|...|.|.|...|.....|.....|.|...|.|.|.|...|...|.|...........|.|.|.|...|...|.|.......|...|.|.|.|.|.|.....|...|.|.|.............|.|.|.|...|.|.|.|...|...|.....|.|.|.|.|.......|.....|.|.|...|...|...
F-J.F-|.F-F-F-J.|1|.|1|.L-L-J.L-J.L-J.L---J.L-L-J.|1|.F-J1L-------7.F---7.F-----7.F---7.L-71F-J.|1F-J.F-7.L-71F-J.L-71|.|1|.|1F-----J.L---------71|.|1|.L-71L-7.L-J.F---7.|1F-J.|1|.|1|.L---71|.F-J1L-J1F-----71F---J.L-J.L---J.L-J.L---J.F-J1F---J.|1L-J1L-------J1F-71L-J1L-7.F-L-|.L-
|...|.|.|.|.|...|.|.|.|...........................|.|.|...........|.|...|.|.....|.|...|...|.|...|.|...|.|...|.|.....|.|.|.|.|.|.................|.|.|.|...|...|.....|...|.|.|...|.|.|.|.....|.|.|.......|.....|.|.........................|...|.....|...............|.|.......|.|...|...
|.L---|.L-F-----J1L-J1L-7.F-7.F-7.|.F-7.F-------7.|1|.L---------71|.L-71|.L-7111L-J111L-7.|1L-7.|1|.F-J1|.F-J1L-7.F-J1|.|1L-J1L-7.F-7.F-7.F-----J1|.|1L-7.L-71L---7.|1F-J.|1|.F-J1L-J1|.F-7.|1|.L-----71L---7.|1L---------7...F-----7.F-7.L---J.7.F-J1F-------------J.L-71F-71|.7.|.L-J.
|.....|...|.............|.|.|.|.|.|.|.|.|.......|.|.|...........|.|...|.|...|.|.........|.|...|.|.|.|...|.|.....|.|...|.|.......|.|.|.|.|.|.......|.|...|...|.....|.|.|...|.|.|.......|.|.|.|.|.......|.....|.|...........|...|.....|.|.|.......|.|...|.................|.|.|.|.|.|.....
F-7.F-L-J.L-------71F-71L-J1L-J1L---J1|.L-71F-71L-J1L-----------J1L---J1L---J1F-7111F-71L-J111L-J1|.|1F-J.L-7111|.L-71|.L-71F---J.|1|.|1|.L-----71|.L-71L-7.|111F-J.|1|.F-J1|.L---71F-J.|1|.|1|.F-----J1F---J.L-----71F-71L---J1F---J.|1|.F-------J1F-J.F-7.F-7.F-----7.L-J.L-J.J.L-7...
|.|.|.............|.|.|...............|...|.|.|...............................|.|...|.|...........|.|.|.....|...|...|.|...|.|.....|.|.|.|.......|.|...|...|.|...|...|.|.|...|.....|.|...|.|.|.|.|.......|...........|.|.|.......|.....|.|.|.........|...|.|.|.|.|.....|.............|...
--7.F-L-F---|.L-F-|1|.|1F-71F-71F---71|.7.L-J.L-------------71F-------------71|.L---J.L---------71|.|1L---7.L-71|.F-J1|.F-J1|.F-7.|1|.|1|.F-7.F-J1|.F-J111|.L-71L-7.|1|.L-71L---7.|1|.F-J1|.|1|.|1F-----J.F-------7.L-J.L-71F-71L-7.F-J1L-J1F-----71L---J1L-J1L-J1F-71L-7.L-F-L-J...J...
..|.|...|...|...|.|.|.|.|.|.|.|.|...|.|.|...................|.|.............|.|.................|.|.|.....|...|.|.|...|.|...|.|.|.|.|.|.|.|.|.|...|.|.....|...|...|.|.|...|.....|.|.|.|...|.|.|.|.|.......|.......|.......|.|.|...|.|.......|.....|...............|.|...|...|...........
F-F---J.|.F-J...--L-J.|1|.|1|.L-J.F-J1|.F-7.F-------------7.L-J.F-7.F-------J1|.F---7.F-7.F---7.|1L-J1F---J.F-J1|.|111L-J1F-J.|1|.|1|.|1L-J1|.|111L-J111F-J.F-J1F-J.|1L-7.L---71|.|1|.L-71L-J1L-J1L-------J1F---71L-7.F-7.|1|.L-71L-J1F---71L-7.7.L-71F-71F-71F-71|.L---J.F---7.7.F-L-7.
|.|.....|.|...........|.|.|.|.....|...|.|.|.|.............|.....|.|.|.........|.|...|.|.|.|...|.|.....|.....|...|.|.......|...|.|.|.|.|.....|.|.......|.|...|...|...|...|.....|.|.|.|...|...................|...|...|.|.|.|.|...|.....|...|...|.|...|.|.|.|.|.|.|.|.......|...|.|.|...|.
|.7.J.----J.J.F-J.F---J1|.L-J.F-7.L-71|.|1|.L-----------71|.F-7.|1|.L---------J.L-71L-J1|.L-71|.L---71L---7.L-71|.|1F-7111L-7.|1|.|1|.|1F---J.L---71F---J.F-J111L-7.|1F-J.F-7.|1L-J1|.F-J1F-71F-----------71L-7.L---J.|1|.L-J...|1F-71|.L-L-71L---7.L-J.L-J.|1|.|1L-----7.7...F-J.J.F---
|.|...........|...|.....|.....|.|...|.|.|.|.............|.|.|.|.|.|...............|.....|...|.|.....|.....|...|.|.|.|.|.|...|.|.|.|.|.|.|.........|.|.....|...|...|.|.|...|.|.|.....|.|...|.|.|...........|...|.......|.|.......|.|.|.|.....|.....|.........|.|.|.......|.|...|.....|...
F-7.J.L-|.|.F-7.|.L-----J.F---J1L---J1L-J1|.F-7.|.F-7.F-J1L-J1L-J1L-7.F---7.F---7.L---71L---J1L-----J1F---J.F-J1|.L-J.L-71F-J.|1|.|1|.|1|.F-7.F-7.|1L---7.L-----71L-J1L-7.|1|.L---71L-J111|.|1L---------7.|1F-J.F-7.--|1L-----7.|1|.|1L-7.7.L---71L-------7.L-J.|1F---71L-----7.J.J.J...
|.|.....|.|.|.|.|.........|...............|.|.|.|.|.|.|.............|.|...|.|...|.....|...............|.....|...|.......|.|...|.|.|.|.|.|.|.|.|.|.|.....|.......|.......|.|.|.....|.......|.|...........|.|.|...|.|...|.......|.|.|.|...|.|.....|.........|.....|.|...|.......|.........
J.|.F-F-|.--7.|.F-7.L-F-7.L---71F-------71L-J1L---J1L-J1F-71F-----71|.L-71|.L-71|.F-7.L-------71F-71F-J.F-7.L-71|.F---7.|1|.F-J1|.|1|.|1|.|1|.|1|.|1F---J.F-----J1F-7111L-J1|.F---J111F-71|.|1F-71F-71F-J.L-J.F-J1L---J1F-71F-J.L-J.L-71L-7.F---J1F-71F-71L---7.|1L-7.|1F-71F-J.L-L-J.7.
..|.|.|.|...|.|.|.|...|.|.....|.|.......|...............|.|.|.....|.|...|.|...|.|.|.|.........|.|.|.|...|.|...|.|.|...|.|.|.|...|.|.|.|.|.|.|.|.|.|.|.....|.......|.|.|.....|.|.......|.|.|.|.|.|.|.|.|.......|.........|.|.|.........|...|.|.....|.|.|.|.....|.|...|.|.|.|.|.........|.
L-L---|.|.|.F---J1L---J1|.F---J1|.F-----J1F-71F---71F---J.L-J.F---J1L---J1|.F-J1L-J1L-7.F-----J1|.|1L-7.|1|.F-J1|.L-71L-J1|.L-71L-J1L-J1|.|1L-J1|.|1|.F-7.L-71F---J.L-------J.L---71F-J.L-J.L-J.L-J.L-J.F-----J1F-------J.L-J.F-F-----J1F-J.L---71|.|1|.|1F---J.|1F-J.|1|.L-J.|.|.L-F-J.
......|.|.|.|...........|.|.....|.|.......|.|.|...|.|.........|...........|.|.........|.|.......|.|...|.|.|.|...|...|.....|...|.........|.|.....|.|.|.|.|...|.|...................|.|...................|.......|.............|.|.......|.......|.|.|.|.|.|.....|.|...|.|.....|.|...|...
....|.L---F-|1F-------71|.L-----J.L-----71|.|1|.F-J1|.F-------J1F-----7111L-J111F---71|.L-----71|.L-71|.|1|.L-71L-7.|111F-J.F-J1F-------J.L-7111L-J1|.|1L---J1L-----7.F---7.F-----J1L---7.F-7.F-7.F-----J111F-71L---------7.F-7.L-------J.F-F-7.L-J.L-J.|1L-7.|.L-J.F-J1L-----7.7.----J.
....|.....|.|.|.......|.|...............|.|.|.|.|...|.|.........|.....|.......|.|...|.|.......|.|...|.|.|.|...|...|.|...|...|...|...........|.......|.|.............|.|...|.|...........|.|.|.|.|.|.........|.|...........|.|.|...........|.|.|.........|...|.|.....|.........|.|.......
7.--L-7.J.L-|1|.F-7.F-J1L---------7.F-7.|1|.L-J.L-71|.L-71F-71F-J.F---J1F-71F-71|.F-J1|.F---7.L-J.F-J1L-J1L---J111|.L-71L-7.L-71|.F-7.F---7.L---7111L-J111F-71F-----J.|1F-J.|1F-71F-71F-J.|1|.|1|.|1F-------J.L-----------J.|1L-7.F-7.F---7.|1L-------7.L-71L-----7.L-----71F-J.|.....7.
|.....|.....|.|.|.|.|.............|.|.|.|.|.......|.|...|.|.|.|...|.....|.|.|.|.|.|...|.|...|.....|...............|...|...|...|.|.|.|.|...|.....|.......|.|.|.|.......|.|...|.|.|.|.|.|...|.|.|.|.|.|.......................|...|.|.|.|...|.|.........|...|.......|.......|.|...|.....|.
L---J...7.--L-J.|1L-J1F-71F-----71|.|1|.L-J.F-7.--L-J.|.L-J.L-J.F-L-----J.L-J.L-J.|111|.|111|.F---J1F-71F-------71L-7.L-71L-7.|1|.|1|.|1F-J.F---J1F-71F-71|.L-J.F-7.F-J1L-7.|1|.L-J.|1L---J1L-J1L-J1L-7.F-7.F-7.F-7.F-7.F-7.|1F-J.|1|.|1F-J.|1F-------J.J.L-71F---J.F-7.J.L-J.|.|.--7.J.
........|.......|.....|.|.|.....|.|.|.|.....|.|.......|.........|.................|.|.|.|.|.|.|.....|.|.|.......|...|...|...|.|.|.|.|.|.|...|.....|.|.|.|.|.....|.|.|.....|.|.|.....|.................|.|.|.|.|.|.|.|.|.|.|.|.|...|.|.|.|...|.|.............|.|.....|.|.......|.|...|...
..|.|.L-F-----7.L-----J.L-J.F---J1|.|1|.F-7.|1L-7.F---7.|.F-----------------7.F-7.L-71|.L-71|.L-----J.L-J.F---7.|111L---J1F-J.|1|.|1|.|1L-7.L---71|.|1|.|1L-----J1|.L---71L-J1L---7.|1F-71F-71F-71F-71L-J1L-J1L-J1L-J1L-J1L-J1L-7.|1L-J1L---J1L-7.F-7.J...|.L-J.F---J1|.--L---7.J.F-J.7.
..|.|...|.....|.............|.....|.|.|.|.|.|...|.|...|.|.|.................|.|.|...|.|...|.|.............|...|.|.........|...|.|.|.|.|...|.....|.|.|.|.|.........|.....|.........|.|.|.|.|.|.|.|.|.|...........................|.|.............|.|.|.....|.....|.....|.......|...|...|.
..F-7.--L---71L-7.F-7.F-----J1F-71L-J1|.|1|.L-71|.L-71L-7.L---------------71L-J1L---J1L---J1|.F-7.F-7.F-7.L-71|.L-----7111L---J1L-J1|.|111|.F-7.|1|.L-J.|1F-71F-71L-----J111F-----J.L-J.L-J.L-J.L-J.L-------71F-----------------J.|1F---------71L-J1L-7.F---7.J.|1F---J.|.|.L-|.L-F-L-F-
..|.|.......|...|.|.|.|.......|.|.....|.|.|...|.|...|...|.................|.................|.|.|.|.|.|.|...|.|.......|.|...........|.|.|.|.|.|.|.|.....|.|.|.|.|.........|.|...............................|.|...................|.|.........|.......|.|...|...|.|.....|.|...|...|...|.
..F-J.--F-7.L-71L-J1|.L-------J.L---71|.|1L-7.|1|.7.L-71|.F-----7.F-------J1F-71F-------7111L-J1L-J1|.|1L---J1L-----7.L-71F-71111111L-J1F-J.|1|.|1|.F-7.L-J.L-J.L-71F-71F-71L-7.F-7.F-7.F-7.F-----7.F-----7.|1L-------------------J1L-------7.L-------J.|1F-J.F-J1L-7...J.7.------7.|...
..|.....|.|...|.....|...............|.|.|...|.|.|.|...|.|.|.....|.|.........|.|.|.......|...........|.|.............|...|.|.|.|.|.......|...|.|.|.|.|.|...........|.|.|.|.|...|.|.|.|.|.|.|.|.....|.|.....|.|...............................|...........|.|...|.....|.....|.......|.|...
--F-|.J.|1|...L---71|.F-7.F---------J1|.|1F-J.|1|.F-7.|1|.L-71F-J.L---------J.L-J.F-----J1F-7111F-71|.L-----------71L-7.L-J.L-7111111111L-7.|1|.|1L-J1L-----7.F-7.L-J.L-J.L-71L-J1L-J1L-J1|.|1F---J.|1F---J.L-------71F---71F-71F---71F---71L-------7.F-J1|.F-J1F-71L-7.J.F-F---L-L-7.7.
..|.|...|.|.......|.|.|.|.|...........|.|.|...|.|.|.|.|.|...|.|...................|.......|.|.|.|.|.|.............|...|.......|...|.......|.|.|.|...........|.|.|...........|.............|.|.|.....|.|.............|.|...|.|.|.|...|.|...|.........|.|...|.|...|.|...|...|.|.......|.|.
|.J.|.F-|1|.F-----J1L-J1|.L---71F---71L-J1L-7.|1L-J1L-J1L---J1L-------------7.F---J1F-71F-J.L---J.|1|.F-7.F---7.F-J1F-J.F-----J11111111111L-J1|.|1F-----7111|.|1L-7.F-7.F-7.|1F-------7111L-J1L-----J1L-----------7.L-J.F-L-J.|1|.|.L-J.F-J1F-------J.|1F-J.|1F-J.L---J.7.F-7.--7...|.--
|...|.|.|.|.|...........|.....|.|...|.......|.|.............................|.|.....|.|.|.........|.|.|.|.|...|.|...|...|...........|.|.......|.|.|.....|...|.|...|.|.|.|.|.|.|.......|...........................|.....|.....|.|.|.....|...|.........|.|...|.|.........|.|.|...|...|...
----F-7.|1|.L---------71L-7.F-L-J.F-J1F---71L-J1F---71F---71F-71F-71F-71F-71L-J1F---J.L-J.F---7.F-J1|.|1L-J111L-J111L---J111111111111111111111L-J1|.F-7.L---J.|1F-J.|1L-J1|.|1L---7.F-J1F-71F---------71F-------71L---------7.L-J.F-7.J.L---J.F-7.7.F-J1L-7.|1L---7.F-7.F-J1L-7.L---F-..
....|.|.|.|...........|...|.|.....|...|...|.....|...|.|...|.|.|.|.|.|.|.|.|.....|.........|...|.|...|.|...........|...............|...............|.|.|.......|.|...|.....|.|.....|.|...|.|.|.........|.|.......|...........|.....|.|.........|.|.|.|.....|.|.....|.|.|.|.....|.....|...
|.F-J1L-J1|.F-7.F-----J1F-J.F-----J1F-J.--L---71L-7.L-J.F-L-J.|1|.L-J.L-J.L-----J.F-7.F-7.|111|.L-71|.L---------------7111111111111111111111111111L-J1L-------J1|.F-J1F-71|.L-----J.L-71|.|1L-------7.|1L-----7.L-----------J.F-F-J1L-7.F-7.F-J1L-7.|1F-71L-J1F-71L-J1L-J1F---J.--L---7.
|.|.......|.|.|.|.......|...|.......|.........|...|.....|.....|.|.................|.|.|.|.|.|.|...|.|.................|.|...|.|...|.|.|.|...|...................|.|...|.|.|...........|.|.|.........|.|.......|...............|.|.....|.|.|.|.....|.|.|.|.....|.|.........|...........|.
F-L-----71L-J1|.L-----71|.--L-----71L-----7.F-|1F-J.F---7.F-7.|1|.F-------7.F-----J1L-J1|.L-71|.F-J1L-7.F-7.F-7.F-----J1111111111111111111111111111111F-71F-----J.|111|.L-J.F---7.F-7.L-J.L---------J.|1F-7111L---------------7.L-71F-J.|1|.L-71F-J.|1|.L-----J.L---71F-71L---7.--J.F-L-
|.......|.....|.......|.|.........|.......|.|.|.|...|...|.|.|.|.|.|.......|.|...........|...|.|.|.....|.|.|.|.|.|.......|...|...|...|.....|.|.|.|.....|.|.|.......|.|.|.....|...|.|.|.................|.|.|...................|...|.|...|.|...|.|...|.|.............|.|.|.....|.....|...
|.J.L-F-J1F-71L-7.7.F-J1L---7.F-7.|1F-----J.F-J1|.J.L-71L-J1|.L-J.L-----71|.L---71F---71L-7.|1|.|1F-71L-J1|.|1|.L-------7111111111111111111111111111F-J.L-J.F---7.|1F-J.F-7.L-71|.|1|.F-7.F-7.F-7.F-7.L-J.L-------------71F-71|.F-J1L---J1L---J1L---J1L---------7.--|1|.|1F---J...F-L-|.
|.....|...|.|...|.|.|.......|.|.|.|.|.......|...|.....|.....|...........|.|.....|.|...|...|.|.|.|.|.|.....|.|.|.........|.....|.|.|.|.|.......|.....|.......|...|.|.|...|.|...|.|.|.|.|.|.|.|.|.|.|.|...................|.|.|.|.|...............................|...|.|.|.|.......|...|.
|.L-|.L---J.L-71L---J1F---71L-J1L-J1L-7.F-7.|1F-J.F-7.L---71|.7.F---7.F-J1L-7.F-J1|.F-J111L-J1L-J1|.|1F-71|.|1L---------J111111111111111111111111111L-----7.|111|.|1L---J1L---J1|.|1|.|1L-J1|.|1|.|1L-7.F-7.F-------7.|.L-J.L-J.L-71F---------71F---71F---------J...L-J.L-J.J.F-F-7.|.|.
|...|.........|.......|...|...........|.|.|.|.|...|.|.....|.|.|.|...|.|.....|.|...|.|.............|.|.|.|.|.|.............|.|.|.|.|.|...|.|.|.|.|.|.......|.|.|.|.|.............|.|.|.|.....|.|.|.|...|.|.|.|.......|.|...........|.|.........|.|...|.|.......................|.|.|.|.|.
F-..F-F-------J1F-71F-J.F-J1F-------71|.|1|.L-J.F-J1|.F---J1L-7.L-71|.L---71|.L---J.L-----------71|.L-J.|1L-J1F-71F-7111F-711111111111111111111111111111F-J.|1F-J.|1F-----------J.|1L-J1F-71L-J1L-J1F-J.|1|.|1F-----J.F-------7.J.|1|.F-7.F-7.L-J.L-L-J.F-----7.J...F-7.|.F-|.F-----F-7.
|...|.|.........|.|.|...|...|.......|.|.|.|.....|...|.|.......|...|.|.....|.|...................|.|.....|.....|.|.|.|...|.|.......|.......|.|.......|...|...|.|...|.|.............|.....|.|.........|...|.|.|.|.......|.......|...|.|.|.|.|.|...........|.....|.....|.|.|.|.|.|.....|.|.
L-F-J.L-71F-71F-J.|1|.F-J1F-J.F---7.L-J.|1|.L-F-J1F-J.L-71F-71L---J1L-----J1L---------7.F-------J1|.F---J1F-71|.L-J.L---J.|11111111111111111111111111111L-7.|1|.F-J1L---7.F---7.F-J1F---J.L---------J.F-J1|.|1L-------J1F-----J.F-J1L-J1L-J1L-----------J1F-71L-----J1L---7.7.J.7...J...
..|.....|.|.|.|...|.|.|...|...|...|.....|.|...|...|.....|.|.|.........................|.|.........|.|.....|.|.|...........|.|.|...|.|...|.|.|.|.|.........|.|.|.|.......|.|...|.|...|.................|...|.|...........|.......|.........................|.|.............|.|...|.......
--7...L-L-J.L-J.7.L-J.L-71|.J.L-71L-7.F-|1|.F-J1F-J.L-F-L-J.L---------------71F-----71|.|1F-------J.L-71F-J.|1|.F-7.F-7.F-J11111111111111111111111111111F-J.|1|.|111F-71|.|1F-J.|111L-----------------J1F-J.|1F---------J.F-F-7.|1F-----------71F-71F-71F-J.|1F-71F-------J...7.J...F-|.
..|.............|.......|.|.....|...|.|.|.|.|...|.....|.....................|.|.....|.|.|.|...........|.|...|.|.|.|.|.|.|...|.|.|.|...|.|...|.......|...|...|.|.|.|.|.|.|.|.|...|.......................|...|.|...........|.|.|.|.|...........|.|.|.|.|.|...|.|.|.|...........|.....|.|.
L---J...F-F-F-----------J1L-7...L-71|.F-J1|.L-71|.F-7.F-7.F-7.F-7.F---------J1|.F---J1|.|1|.F---------J1|.F-J1|.|1L-J1L-J1111111111111111111111111111111L---J1L-J1F-J.L-J.|1L-7.|1F-----------71F-----71L---J1L-------7.F-7.|1L-J1L---------7.|1|.|1|.|1L-7.L-J.|1L-------7.F-|.--|.7.F-
........|.|.|...............|.....|.|.|...|...|.|.|.|.|.|.|.|.|.|.|...........|.|.....|.|.|.|...........|.|...|.|...........|.............|.|.....|...|...........|.......|...|.|.|...........|.|.....|...............|.|.|.|...............|.|.|.|.|.|...|.....|.........|.|.|...|.|.|.
|.|...----F-L---71F---71F---J.F---J1|.L-71|.F-J1L-J1|.|1|.|1|.|1|.L-----------J.L---71L-J1|.|1F-71F-----J.L---J.L-71F-711111111111111111111111111111111111111111F-J.F-7.F-J111L-J1L-7.F-7.F-7.L-J.F-7.L---------------J.|1|.|1F-------------J.L-J.L-J.L---J.F---J1F-71F---J.7.J.F---J.J.
|.|.......|.....|.|...|.|.....|.....|...|.|.|.......|.|.|.|.|.|.|...................|.....|.|.|.|.|...............|.|.|...|.|.|...|.....|.|.....|.|...|...|...|.|...|.|.|...........|.|.|.|.|.....|.|...................|.|.|.|.............................|.....|.|.|.....|...|.......
F-7.7.L-7.F-----J1|.F-J1|...F-J1F-71L---J1|.L-----71L-J1L-J1L-J1L-7.F---------------J1F---J.L-J.L-J.F---7.F-7.F-7.L-J.|1111111111111111111111111111111111111F---J.F-J1|.|1F-----7111|.|1L-J1L-----J1|.F-7.F-------------J1L-J1L-----------7.F-----------7.F-J1F---J.L-J.|.L-F-7...|.L-L-
|.|.|...|.|.......|.|...|...|...|.|.......|.......|...............|.|.................|.............|...|.|.|.|.|.....|.|.|.|.|.....|.....|.....|.|.|.|.|...|.....|...|.|.|.....|...|.|.............|.|.|.|...............................|.|...........|.|...|.........|...|.|...|.....
7.L-7.--F-L---71F-J.L-71|.F-J1F-J.L-----71|.F-----J1F-----------71|.L-71F-------------J.F-7.F---7.F-J1F-J.|1L-J1L---7.L---7111111111111111111111111111111111L-----J111L-J1|.F-7.L-71L-J1F-----71F-71|.|1L-J1F---71F---71F-----------------J.L-71F-71F---J.L---J.F-7.F-----7.J.F-L---..L-
|...|...|.....|.|.....|.|.|...|.........|.|.|.......|...........|.|...|.|...............|.|.|...|.|...|...|.........|.....|.....|...........|.......|.....|...............|.|.|...|.....|.....|.|.|.|.|.....|...|.|...|.|.....................|.|.|.|...........|.|.|.....|...|.........
|.--7.----F---J1L-7.F-|1|.L-71|.F-------J1L-J1F---71|.F-----7.F-J1L---J1|.F-----7.F-----J1L-J111L-J111L-7.L-------71L-7.F-J11111111111111111111111111111111111111111111111L-J1L-7.|1F-71L---7.L-J.L-J.|1F-71L-7.|1L-7.L-J.F-7.L-F-------7.F---J1|.L-J.F-F-7.L-F-J1|.|1F---J.7.|.--|.7.7.
|...|.....|.......|.|.|.|...|.|.|.............|...|.|.|.....|.|.........|.|.....|.|.....................|.........|...|.|.........|.|...|.|.|.|...|.....|...|.......|.|.........|.|.|.|.....|.........|.|.|...|.|...|.....|.|...|.......|.|.....|.....|.|.|...|...|.|.|.....|.|...|.|.|.
|.F---7...|1F-71F-J.--L-J...L-J.|1F-71F-71F-71|.F-J1|.|1F-71L-J1F-71F---J.|1F-71L-J111F---------------71L-7.F---7.L-71L-J1111111111111111111111111111111111111111111F-------71F-J.L-J.L---71|.F-7.F-7.|1|.L---J.L---J.F-7.|1L---J1F-71F-J.|1F-71L-7.F-7.|1L-7.|1F-J.|1L-----7.7.--|.F-J.
|.|...|...|.|.|.|...............|.|.|.|.|.|.|.|.|...|.|.|.|.....|.|.|.....|.|.|.....|.|...............|...|.|...|...|.............|...................|.|.|.|...|.|.|.......|.|...........|.|.|.|.|.|.|.|.............|.|.|.......|.|.|...|.|.|...|.|.|.|...|.|.|...|.......|.|...|.|...
F-7.7.F-7.L-J.|1|.|...L-|.F-7...L-J.L-J.|1|.L-J.|1F-J.L-J.L-71F-J.L-J.F-7.L-J.L-----71L-7.F-7.F-----7.|1F-J.|111|.F-J1111111111111F-71111111111111111111111111111111L-----7.|1L-7.F-----7.|1L-J1L-J1L-J1L-------------J1L-J1F-----J.L-J.J.|1|.L---J.|1|.|1F-J.|1|.L-|1F-----J.7.7.L-F-J.
|.|.|.|.|.....|.|.|.....|.|.|...........|.|.....|.|.........|.|.......|.|...........|...|.|.|.|.....|.|.|...|.|.|.|...........|.|.|.|.......|.|.|.|.......|.|.............|.|...|.|.....|.|.................................|.............|.|.......|.|.|.|...|.|...|.|.......|.|...|...
F-F---|.|.--L-L-J.7.L-..F-J1|.F---------J1L-7.F-J1|.F-------J1|.F-----J1L-----------J1F-J.|1|.L---71|.|1L-7.|1F-J.L-7111111111F-71|.|111111111111111111111111111111111F-71|.L---J.L-71F-J.L-------------------------71F---71L-7.F-7.F-----J1L-7.F-7.|1L-J1L---J1L---J1|.F-|.J.L---7.L---
|.|...|.|.........|.....|...|.|.............|.|...|.|.........|.|.....................|...|.|.....|.|.|...|.|.|.....|...|.|.|.|.|.|.|.|...|.|.........|.|.|.....|.....|.|.|.........|.|.............................|.|...|...|.|.|.|.........|.|.|.|.................|.|.|.......|.....
L-|...|.7.F-J.--|.F-|.--L-71|.L-------------J.L---J.L-71F-----J.L-71F-----------71F-71|.F-J1|.F-7.|1|.|111L-J1L-----J1F-71F-71|.|1|.|1111111111111111111111111111111F-J.|1|.F-7.F-7.|1L---7.F-7.F-7.F---------7.F-7.L-J.L-L-71L-J1L-J1F-----71L-J1L-J1F-------------71L-7.----L-J.L-7.|.
..|...|.|.|.....|.|.|.....|.|.........................|.|.........|.|...........|.|.|.|.|...|.|.|.|.|.|.|.............|.|.|.|.|.|.|.|.|.........|.|.....|.|.......|.|...|.|.|.|.|.|.|.....|.|.|.|.|.|.........|.|.|.........|.........|.....|.........|.............|...|...........|.|.
F-|.------F---|.|.--7...F-J1L-------7.F---7.F-7.F-7.F-J1|.F-------J1|.F-------7.L-J.L-J.L-71L-J1L-J1L-J1F-71F-----71F-J.|1|.|1|.L-J.L-711111111111111111111111111111L-7.|1L-J1L-J1L-J111F-J.|1L-J1L-J1F-----71L-J1L-----7.F-J1F-71F-71L---7.L-71F---71L-----------7.L---J.J.7.L-J...|.--
|.|.......|...|.|...|...|...........|.|...|.|.|.|.|.|...|.|.........|.|.......|...........|.............|.|.|.....|.|...|.|.|.|.......|.|...|.|.......|.....|.........|.|...............|...|.........|.....|...........|.|...|.|.|.|.....|...|.|...|.............|.........|.......|...
L-J.F-J.--J.L-F-J.--7.F-|1F-------71|.L-71L-J1L-J1L-J1F-J.L---------J.L-----71L-7.F-7.F-7.L-7111F-71F-71|.|1|.F---J1L-7.L-J.|1|.F-----J1111111111111111111111111111111|.L-7111F-7111F---J.F-J111F-----J.F-7.L-----------J.|1F-J.L-J.|1F---J.7.|1L-7.L-71F-----71F-J.J.J.F-F---F-J.F-J.|.
....|.........|.....|.|.|.|.......|.|...|.............|.....................|...|.|.|.|.|...|.|.|.|.|.|.|.|.|.|.......|.....|.|.|.......|.....|...|.|.........|.|.|...|...|...|.|...|.....|.....|.......|.|...............|.|.......|.|.....|.|...|...|.|.....|.|.......|.|...|...|...|.
J.|.|.J...L-F-J.--L-F---J1|.F-----J1L---J1F---71F-----J.F-7.F-----------7.F-J111L-J1L-J1L-7.L-71|.|1|.|1|.|1|.L-71F---J.F---J1|.L-------711111F---711111111111F-71F-71|.F-J1F-J.L-71L-----J1F-71L-------J1L-7.F---------7.L-J.F-----J1L-----7.|1F-J.7.|1L---7.L-J.J.7.F-|.J.7.....L-F-7.
..|.|.......|.......|.....|.|.............|...|.|.......|.|.|...........|.|...|...........|...|.|.|.|.|.|.|.|...|.|.....|.....|.........|.|...|...|.|.|.....|.|.|.|.|.|.|...|.....|.........|.|.............|.|.........|.....|.............|.|.|...|.|.....|.......|.|.|...|.......|.|.
|.--|.J...7.------J.L-----J.L-71F-71F---71|.|.L-J.|.F---J1|.L-71F-71F-71L-J1F-7111F-71F-71L-7.L-J.L-J.L-J.|1|.F-J1|.F-7.L-71F-J.F-----7.L---71|.F-J111F---7111|.|1|.|1|.|1F-J.F---J1F---71F-J.L-----------71L-J111F-----J.F-7.L-------71F---J.L-J.F-7.L-----J.F-7.--F-7.L-J.F-7.7.....J.
|...|.....|...................|.|.|.|...|.|.|.....|.|.....|...|.|.|.|.|.....|.|...|.|.|.|...|.............|.|.|...|.|.|...|.|...|.....|.....|.|.|.....|...|.|.|.|.|.|.|.|.|...|.....|...|.|...............|.....|.|.......|.|.........|.|.........|.|.........|.|...|.|.....|.|.|.......
F---7...--J.7.|.|.--|.7.F---7.L-J.L-J.F-|1|.F-------J1F-71L-7.L-J.L-J.L-----J.L---J.L-J.|111L-------------J1|.L-71L-J1L-7.|1|.F-J1F-71L-----J1|.|1F-71L-7.|111|.L-J.|1|.|1L-7.|1F-71L-7.L-J.F---7.F-7.F-7.L---71F-J.F-----J1L-7.F---7.L-J.F-------J1L---7.F-7.|1L-7.7.7.7.--L-|.--|.--J.
|...|.......|.|.|...|.|.|...|.........|.|.|.|.........|.|...|...........................|...................|...|.......|.|.|.|...|.|.........|.|.|.|...|.|.|.|.....|.|.|...|.|.|.|...|.....|...|.|.|.|.|.....|.|...|.........|.|...|.....|.............|.|.|.|...|.|.|.|.....|...|.....
L---7.--|.L-F-L-J.|...F-L-71|.F---------J1|.L---------J.L-71|.F-7.F-------------------7.L---7111F---7111F-71L-7.L-7111F-J.L-J.L---J.|111F-71F-J.L-J.L-71|.L-71L---7.|1|.|1F-J.|1|.L-71L-----J111L-J1L-J1L---7.|1L-7.L-71F-----J.L-71L-7.F-J1F-----------J.|1|.|1F-J.F-7.7...L-L-7.|...|.
....|...|...|.....|...|...|.|.|...........|...............|.|.|.|.|...................|.....|...|...|.|.|.|...|...|...|.............|.|.|.|.|.........|.|...|.....|.|.|.|.|...|.|...|.......................|.|...|...|.|.........|...|.|...|.............|.|.|.|...|.|.|.......|.|...|.
|.|.|.--J.--J.L---J.F-F---J1|.L-----------J.|.F-7.F-----7.|1|.|1|.L---71F-7111F-71F-71L---7.L-71L-7.L---J.L-71L-7.L---J.F-----------J1F-J.L-J.F-------J1|.F-J1F---J.L-J.|1L-7.|1|.F-J111F-71F---71F-71F-----J.L-71|.F-J1|.F---7.F-|1F-J.|1F-J.|.F-7.F-7.F-J1L-J1L---J1|.--|.L-|.J.7...|.
|.|.|...............|.|.....|...............|.|.|.|.....|.|.|.|.|.....|.|.|...|.|.|.|.....|...|...|.........|...|.......|.............|.......|.........|.|...|.........|...|.|.|.|.....|.|.|...|.|.|.|.........|.|.|...|.|...|.|.|.|...|.|...|.|.|.|.|.|.............|...|...|...|...|.
F-L-J.7.L-|.L-|...F---L---71|.F-7.--F-7.F-7.F-J1L-J1F-71L-J1L-J1L---7.L-J.L---J.L-J.|1F-71L---J111|.F-------J1F-J.F---7.L-----71F---71L-----7.L-71F-7111|.L-71L-7.F---7.L---J.L-J.|1F-71|.|1L-7.|1|.|1L-------7.|1|.|1F-J.|1F-J.F-J1L---J1L---7.|1|.|1|.|1F-----71F-71L-7.J.F-----F-F-7.
|.....|...|...|...|.......|.|.|.|...|.|.|.|.|.......|.|.............|...............|.|.|.........|.|.........|...|...|.......|.|...|.......|...|.|.|...|...|...|.|...|...........|.|.|.|.|...|.|.|.|.........|.|.|.|.|...|.|...|.............|.|.|.|.|.|.|.....|.|.|...|...|.....|.|.|.
F---J.7.F-J.--F---7.--F---J1|.|1L---J1L-J1L-J1F-----J.L-------71F-71L---7.F-----7.F-J1|.L-71F---71|.|1F---71F-J.F-J111|.F---7.L-J.F-J111F-71L-7.L-J.|1F-J.F-J111L-J111|.F---7.F-7.L-J.|1|.|1F-J.|1|.L-71F---71|.L-J.|1L---J1L---J1F-71F-----71|.|1L-J1L-J1L---7.|1|.L---J.J.7.|.--F-..J.
|.....|.|.....|...|...|.....|.|...............|...............|.|.|.....|.|.....|.|...|...|.|...|.|.|.|...|.|...|.....|.|...|.....|.....|.|...|.....|.|...|...........|.|...|.|.|.....|.|.|.|...|.|...|.|...|.|.....|.............|.|.|.....|.|.|.............|.|.|.........|.|...|.....
|.7.F-L-L---F-L-71|.7.L-71F-J.L---------------J.--F-----------J1|.L---71|.|1F-71|.|111L-7.L-J.F-J1|.|1|.F-J1L-7.L---71|.|111L-7.F-J111F-J.L-71|.F---J1L-7.|1F-71F-71F-J.|111L-J1|.F-7.L-J.|1L-7.|1L-7.|1L-7.|1L-----J1F-----71F---J.|1L---7.|1L-J1F-----71F---J.L-J.L-J.7.J.|...|.J.F-..
|.|.|.......|...|.|.|...|.|.......................|.............|.....|.|.|.|.|.|.|.....|.....|...|.|.|.|.....|.....|.|.|.....|.|.....|.....|.|.|.......|.|.|.|.|.|.|...|.|.....|.|.|.....|...|.|...|.|...|.|.........|.....|.|.....|.....|.|.....|.....|.|.............|...|...|...|...
7.F-|.7.J.F-----J1L-----J1L---7.F-7...F-7.F-7.F-7.L-71F---71F-71|.F---J1L-J1|.|1L-J1F-71|.F---J1F-J.L-J.L-71F-J.F-7.|1|.L-7111L-J1F-71|.F-7.|1|.|1F-71F-J.|1|.|1|.|1|.F-J1F-7111L-J1L---7.L---J.L---J.L---J.L-------71L---7.|1L---7.|1F-71|.|1F-71L---7.|1L---7.J.|.F-L-|...J.7.F-F-J.7.
|.|.|.|...|...................|.|.|...|.|.|.|.|.|...|.|...|.|.|.|.|.........|.|.....|.|.|.|.....|.........|.|...|.|.|.|...|.|.....|.|.|.|.|.|.|.|.|.|.|...|.|.|.|.|.|.|...|.|.|.........|...........................|.....|.|.....|.|.|.|.|.|.|.|.....|.|.....|...|.|...|.....|.|.|...|.
L---J.L-F-L-71F-71F---71F---71L-J1L-7.|1L-J1L-J1|.F-J1|.|.L-J.L-J.L---------J.L-----J.L-J.L-----J.F-7.F-7.L-J.F-J1L-J1L---J1F-71F-J.|1L-J1|.|1|.|1|.|1L-7.|1|.|1|.|1L-J1F-J.L---71F---71L---7.F-7.F---7.F-7.F-7.F-7.L-----J.L-71F-J.|1|.L-J.|1|.|1F-71|.|1F-71|.--L-F---F-----J.--J.L-J.
........|...|.|.|.|...|.|...|.......|.|.........|.|...|.|.........................................|.|.|.|.....|.............|.|.|...|.....|.|.|.|.|.|...|.|.|.|.|.|.....|.......|.|...|.....|.|.|.|...|.|.|.|.|.|.|...........|.|...|.|.....|.|.|.|.|.|.|.|.|.|.....|...|...............
7.J...F-J.--L-J.|1|.F-J1|.F-J1F-71F-J.L-------71|.L---J.F-7.F-------------------7.F-7.F---7.F-7.F-J1|.|1|.F-7.L-----7111F-71|.|1L-7.L-----J.|1|.|1|.|1F-J.L-J.|1|.L-71F-J.F-----J1L-7.L---71L-J1L-J111L-J1L-J1|.|1L---------7.L-J.F-L-J.F-7.L-J.L-J.L-J.L-J.L-J.L---J.L-|.J.F-J.|.7...J.
|.....|.........|.|.|...|.|...|.|.|...........|.|.......|.|.|...................|.|.|.|...|.|.|.|...|.|.|.|.|.......|...|.|.|.|...|.........|.|.|.|.|.|.......|.|...|.|...|.........|.....|.........|.........|.|...........|.....|.....|.|.............................|...|...|.|.....
|.--F-J...|.J.F-L-J.L-71|.L---J.|1|...F-------J1L-------J1L-J1F---71F---------71|.|1|.|1F-J.|1|.|111L-J1|.|1|.F-7.F-J1F-J.|1|.L-71L-------7.|1|.|1|.|1L-----7.|1|.F-J1L-7.|1F-71F-71L---7.|111F-7111F---------J.|1F---71F-71L-----------J1L-----------------7.|.F-|.F-7.7.J.J.L-F-7.--|.
|...|.....|...|.......|.|.......|.|...|.......................|...|.|.........|.|.|.|.|.|...|.|.|.......|.|.|.|.|.|...|...|.|...|.........|.|.|.|.|.|.......|.|.|.|.....|.|.|.|.|.|.....|.|...|.|.|.|...........|.|...|.|.|.................................|.|.|.|.|.|.|.......|.|...|.
L-..L---7.7.F---J.|.L-L-J.F-7.F-J1L-7.L-----71F-71F-71F---71F-J...L-J.F---7.F-J1|.|1|.|1|.F-J1|.L---7111L-J1L-J1|.|1F-J.F-J1|.F-J111F-71F-J.L-J.|1|.L---71F-J.L-J.|1F---J.|1|.|1|.|1F---J.L---J.L-71|.F-7.F-----J1L-7.|1|.L-71F-------71F-71F-71F-----------J.F-7.--|1|.F---7...L-|.|.L-
........|.|.|.....|.......|.|.|.....|.......|.|.|.|.|.|...|.|.........|...|.|...|.|.|.|.|.|...|.....|...........|.|.|...|...|.|.....|.|.|.......|.|.....|.|.......|.|.....|.|.|.|.|.|.............|.|.|.|.|.........|.|.|...|.|.......|.|.|.|.|.|.............|.|...|.|.|...|.....|.|...
..7...7.J.F-|.7.J.F---7.L-|1L-J1F-71|...F-7.L-J.|1|.L-J.F-J1|.F-------J111L-J111L-J1L-J1|.L-71|.F-7.L---------71L-J1L-7.L---J.|1F-71|.|1L---7.F-J1|.F---J1L-7.F---J1L---7.L-J.L-J.|1L---------7.F-J1L-J1|.|1F-------J.L-J.J.|1L---7.J.L-J.L-J.|1L-----7.F---7.|1|.F-J1L-J1F-J.7...L-F-J.
..|...|...|.|.|...|...|...|.....|.|.|...|.|.....|.|.....|...|.|.........|.....|.........|...|.|.|.|...........|.......|.......|.|.|.|.|.....|.|...|.|.......|.|.........|.........|...........|.|.......|.|.|...............|.....|...........|.......|.|...|.|.|.|.......|...|.....|...
J.7.F-|.F---..J.--L-71|.--L---71|.|1L---J1L-----J1|.F-7.|1F-J.L-------71F-------------71L-7.|1L-J1L-7.F-7.F-7.L---7111L-7.F---J1|.|1|.|1F---J.|111|.|111F---J.L-7111F-71L-7.F-----J1F---71F---J.L-----71L-J1L-7.F-7.F---7.F-J1F-71L---7.F-7...L-----71L-J1F-J.|1|.|1F-71F-J.--|.--F-L---
..|.|.|.|...........|.|.......|.|.|...............|.|.|.|.|...........|.|.............|...|.|.......|.|.|.|.|.....|.|...|.|.....|.|.|.|.|.....|...|.|...|.......|...|.|...|.|.......|...|.|...........|.......|.|.|.|...|.|...|.|.....|.|.|.........|.....|...|.|.|.|.|.|.....|...|.....
L-----|.--7.--|.....|1L-----7.|1|.L-71F-71F-71F-71|.|1|.|1|.F---------J1|.F---7.F-----J111L-J1F-7111L-J1L-J1L-7.F-J1F-71|.L-71F-J.L-J.|1L-7.F-J1F-J.L-71L-----7.L-71|.|1F-J.|1F---71L-7.|1L---------7.|1F-7111L-J1L-J1F-J.L-71|.|1F-71L-J1L-7.F-7.F-L-----J.F-|1|.|1|.L-J.--L-J...7.7.7.
......|...|...|.....|.......|.|.|...|.|.|.|.|.|.|.|.|.|.|.|.|...........|.|...|.|.......|.....|.|.............|.|...|.|.|...|.|.......|...|.|...|.....|.......|...|.|.|.|...|.|...|...|.|...........|.|.|.|...........|.....|.|.|.|.|.......|.|.|.|.........|.|.|.|.|.............|.|.|.
F---F-J...L-..L---F-J1F---71L-J1L-7.|1|.|1|.L-J.L-J.|1|.L-J.L-----------J.|1F-J.L-------71F---J.L---71F-71F-71L-J1F-J.L-J.F-J1|.F---7.L-71|.L-71|.F---J1F-7111L-7.|1|.|1L-7.L-J.F-J1F-J.L-----71F---J.L-J.L---------71L---7.L-J.|1|.|1F---71L-J1L---7.F-------J1L-J1L-7.J.|.7.F-----J.7.
|...|.............|...|...|.......|.|.|.|.|.........|.|...................|.|...........|.|.........|.|.|.|.|.....|.......|...|.|...|...|.|...|.|.|.....|.|.|...|.|.|.|...|.....|...|.........|.|...................|.....|.....|.|.|.|...|.........|.|...............|...|.|.|.......|.
|.L-|.F-7.|.F---F-L---J.F-J1F-71F-J.L-J.L-J.--F-----J1|.--F-7.F-7.F-7.F-7.|1L-----------J1|.F-------J1|.|1|.L---71L-----7.L-71L-J1F-J.F-J1|.F-J1|.L-7111|.|1F---J.L-J.L-71L-7.F-J1F-J.F-7.F-7.L-J.F---------------7.L---71L---7.|1|.|1L-7.L-71F-----J.L-71F-71F---71F-J.--F-|.|.|.J.L-J.
|...|.|.|.|.|...|.......|...|.|.|.............|.......|...|.|.|.|.|.|.|.|.|...............|.|.........|.|.|.....|.......|...|.....|...|...|.|...|...|.|.|.|.|...........|...|.|...|...|.|.|.|.....|...............|.....|.....|.|.|.|...|...|.|.........|.|.|.|...|.|.....|.|.|.|.......
F---F---J.F---F-7.--F---J1F-J.|1|.F-----------J1F---71|.F-J1L-J1L-J1L-J1|.L-7111F-----71F-J.|1F-7111F-J.|1L-7.F-J1F---71|.F-J1F-71L-7.L---J.L-71|.F-J1F-J.|1L---------7.L-71|.|111L---J1L-J1L-----J1F-71F-71F-7111L---7.L-----J.L-J.|1F-J.F-J1|.--F-7.L-|1|.L-J.L-|1L-7.7.L-L---J.L-..|.
|...|.....|...|.|...|.....|...|.|.|.............|...|.|.|...............|...|.|.|.....|.|...|.|.|...|...|...|.|...|...|.|.|...|.|...|.........|.|.|...|...|...........|...|.|.|.....................|.|.|.|.|.|.......|.............|.|...|...|...|.|...|.|.......|...|.|.............|.
L-....F-L-L---|1L-7.L-71F-J.F-L-J.L-----71F-----J.F-J1L-J1F---71F-71F-71L---J1F-J.F---J1L-7.L-J.L-71L-7.|1F-J.L-71L-7.|1|.|1F-J.|111L-----7.F-J1|.L---J.F-J1F-71F-----J.F-J1|.L-7111F-71F-7111F-----J.L-J.L-J.L-71F-71L-------7.F-7.L-J.|.L-71L---J1L---J1L-7.F-7.L---J.J.F-|.7.J...J.J.
......|.......|...|...|.|...|...........|.|.......|.......|...|.|.|.|.|.......|...|.......|.......|...|.|.|.....|...|.|.|.|.|...|.........|.|...|.......|...|.|.|.......|...|...|.|.|.|.|.|.|.|.................|.|.|.........|.|.|.....|...|...............|.|.|.........|.|.|.........
L-7.7.|.F-|...L-71L---J1L---7.F-----7.7.L-J.F-7.F-J1F-----J.L-L-J.|1|.L---71F-J.F-J111F-71|.F-----J1F-J.|1L-7.F-J1F-J.L-J.L-J.F-J1F-71F---J.L-71L-7.F-7.|111|.|1|.F---7.L-71L-7.L---J.L-J.L-71L-----7.F-7.F---7.L-J.L-71F-71F-J.|1L-7.F---7.L-71F-71F-----71L-J1L-7.F-7.L-F-7.7.7.7.J.J.
..|.|.|.|.|.....|...........|.|.....|.|.....|.|.|...|.............|.|.....|.|...|.....|.|.|.|.......|...|...|.|...|...........|...|.|.|.......|...|.|.|.|.|.|.|.|.|...|...|...|.............|.......|.|.|.|...|.......|.|.|.|...|...|.|...|...|.|.|.|.....|.......|.|.|...|.|.|.|.|.....
--..L-J.L-|.7.7.L-----71F---J.L---71|.F-7...|1|.L---J.F-7.F-7.F---J1|.F---J1|.F-J1F-71|.|1|.|111F-71L-7.L-71|.|1F-J.F---7.F-7.|1F-J.|1L-----7.L-71|.|1L-J1F-J.|1L-J1F-J.F-J111L-7.F---------J1F-7111L-J1|.|1F-J.F---7.L-J.L-J.--|1F-J.|1F-J.|.|1|.|1L---7.L-71F-71L-J1L---J1L---7.|.F-7.
..........|.|.|.......|.|.........|.|.|.|...|.|.......|.|.|.|.|.....|.|.....|.|...|.|.|.|.|.|.|.|.|...|...|.|.|.|...|...|.|.|.|.|...|.......|...|.|.|.....|...|.....|...|.......|.|...........|.|.|.....|.|.|...|...|...........|.|...|.|...|.|.|.|.....|...|.|.|...............|.|.|.|.
|.L-|.J.J.L-|.F-J.L-F-|1|.J...L-F-J1L-J1L-7.|1L---7...|1L-J1L-J1F---J.L---71|.L-71|.|1|.|1|.|1F-J.|1F-J.F-J1|.|1L-7.L-71L-J1L-J1L-7.|1F---71|.F-J1|.L-7111L-7.L-7111L-7.L-7111F-J.L---71F-----J.L---71F-J.|1L---J1F-J.F-7.F-7.F-J1L---J1L-7.F-J1|.|1F-71|.F-J1|.|1F-----71F---71|.--|.|.
|...|.......|.|.....|.|.|.......|.........|.|.....|...|.........|.........|.|...|.|.|.|.|.|.|.|...|.|...|...|.|...|...|...........|.|.|...|.|.|...|...|.|...|...|.....|...|...|.......|.|...........|.|...|.......|...|.|.|.|.|...........|.|...|.|.|.|.|.|...|.|.|.....|.|...|.|...|.|.
|.7.|.J.F-F-L-7.J.F-F-L-J.L-F-F-J1F-----71|.|1F-71L---J1F---71F-J.F-F---7.|1|.F-J1|.|1|.|1|.|1|.F-J1L-7.L-71|.L-71L-7.|1F-71F-7111|.|1L-7.L-J.|111|.F-J1F-71L-7.|1F-71L-7.L-71L-7.F---J1L-------7.F-J1L---J1F-----J.F-J1L-J1L-J1F---------J.L-71|.L-J.L-J.L-71|.|1L-7.--|1|.|.L-J.--|.7.
|.|.|...|.|...|...|.|.......|.|...|.....|.|.|.|.|.......|...|.|...|.|...|.|.|.|...|.|.|.|.|.|.|.|.....|...|.|...|...|.|.|.|.|.|.|.|.|...|.....|...|.|...|.|...|.|.|.|...|...|...|.|.............|.|.........|.......|...........|.............|.|...........|.|.|...|...|.|.|.......|.|.
7.--7.--L---L-L-|.F-7.--F-7.F-J1F-J.F---J1L-J1|.L-71F---J.F-L-J.F-7.L-71L-J1|.L-71|.|1|.|1|.|1|.|1F-71|.F-J1L-7.|1F-J.L-J.|1|.L-71|.L-71L---7.L-71|.L-71|.|1F-J.|1|.|1F-J.F-J111|.L---71F-71F---J.L-71F-7111L-7.F---J1F-71F-----J.7.F-7.F-7.J.|1L-------7.--L-J.|1F-J.--L-J.F-|...F-7.7.
|...|...........|.|.|...|.|.|...|...|.........|...|.|.....|.....|.|...|.....|...|.|.|.|.|.|.|.|.|.|.|.|.|.....|.|.|.......|.|...|.|...|.....|...|.|...|.|.|.|...|.|.|.|...|.....|.....|.|.|.|.......|.|.|.....|.|.....|.|.|.......|.|.|.|.|...|.........|.......|.|.........|.|...|.|.|.
J.F-L-J.......F-|.|...|.|1|.L---J.F-J1F-71F-71|.F-L-J.F-7.F-7.F-J1L---J1F-71L-7.|1|.|1|.|1|.|1|.|1|.|1|.|1F-71|.|1|.F-----J1L-7.|1|.F-J1F-71|.F-J1|.F-J1|.|1L-7.|1|.|1L-7.|1F-71|.F---J1|.|1L---7.F-J1|.|1F-71L-J1F---J.L-J.J.F-7.F-J1L-J1L-7.L---------J.F-7.F-J1L-7.L-L-J.7.7.F-J.L-J.
..|...........|.|.|...|.|.|.......|...|.|.|.|.|.|.....|.|.|.|.|.........|.|...|.|.|.|.|.|.|.|.|.|.|.|.|.|.|.|.|.|.|.|.........|.|.|.|...|.|.|.|...|.|...|.|...|.|.|.|...|.|.|.|.|.|.....|.|.....|.|...|.|.|.|.....|...........|.|.|.........|.............|.|.|.....|.......|.|.|.......
F-J.--L-L-7.----..F-L-F-J1L-------J1F-J.|1|.|1|.F-----J1L-J1|.L-----71F-J.|1F-J.|1|.|1|.|1|.|1|.|1|.L-J.|1|.|1|.|1|.|1F-71F-71|.|1|.|1F-J.|1|.|1F-J.|1F-J.|1F-J.|1|.L-71|.|1|.|1|.|1F-71|.L-71F-J.L-71|.|1|.|1F-71L---------7.|1|.L-71F---71|.F-7.F-7.F---J1|.|1F---J.7...J.L-F-F-----J.
|.........|.......|...|.............|...|.|.|.|.|...........|.......|.|...|.|...|.|.|.|.|.|.|.|.|.|.....|.|.|.|.|.|.|.|.|.|.|.|.|.|.|.|...|.|.|.|...|.|...|.|...|.|...|.|.|.|.|.|.|.|.|.|...|.|.....|.|.|.|.|.|.|...........|.|.|...|.|...|.|.|.|.|.|.|.....|.|.|.....|.......|.|.......
L-J...7.L-----L-7.F-L-L-----71F-----J.F-J1|.L-J.L-71F-71F-71L-------J1L-7.|1L-7.|1|.|1|.|1|.|1|.L-J.7.F-J1|.L-J.L-J.|1|.L-J.|1|.|1|.|1L-7.|1|.|1L-7.|1L-7.|1|.F-J1L-7.|1|.|1|.|1|.L-J.|1|...|1|.F---J1|.L-J.|1|.L-71F-------J.|1L---J1L-7.|1L-J1L-J1L-J1F-71|.L-J.7.--F-7.--L-|.....L-J.
......|.........|.|.........|.|.......|...|.......|.|.|.|.|.............|.|...|.|.|.|.|.|.|.|.|.....|.|...|.........|.|.....|.|.|.|.|...|.|.|.|...|.|...|.|.|.|.....|.|.|.|.|.|.|.....|.|...|.|.|.....|.....|.|...|.|.........|.........|.|.............|.|.|.....|...|.|.....|.........
F-F---F---7.F-..L---F---J.|.L-J.F-----J1F-J.|.F-7.L-J.L-J.L-71F-71F---71|.|1F-J.|1|.|1|.|1|.|1L-7.F-7.|1F-J.F-7.7.F-J1L-7.F-J1|.|1|.L-71|.L-J.|1F-J.|1F-J.|1|.L-71F-J.L-J.|1|.|1L---7.|1L-7.|1|.L---71L-7.F-J1|.F-J1L---------J1F-71F-71|.|1F-71F---71F-J.|1L-7...J...L-7.--F---J.7.J.7.
|.|...|...|.|.......|.....|.....|.......|...|.|.|...........|.|.|.|...|.|.|.|...|.|.|.|.|.|.|...|.|.|.|.|...|.|.|.|.....|.|...|.|.|...|.|.....|.|...|.|...|.|...|.|.......|.|.|.....|.|...|.|.|.....|...|.|...|.|...............|.|.|.|.|.|.|.|.|...|.|...|...|.........|...|.....|...|.
F-7...J.7.L-7.J...F-J.--J.|.L-F-J1F---71|.F---J1L-7.F-7.F-7.|1|.|1|.F-J1|.L-J.F-J1|.L-J.|1|.L-71L-J1|.|1|.F-J1L---J1F-71|.|1F-J.|1|.F-J1|.F---J1|.F-J1|.L-|1L-7.|1L-7.F---J1|.L-71F-J.|1F-J.|1L-7.F-|1F-J.L-71|.L-71F---71F-71F-J.L-J.L-J.L-J.L-J.|.L-J.F-L-71|.J.L-|.7.L-7.J.|.------|.
|.|.....|...|.....|.......|...|...|...|.|.|.......|.|.|.|.|.|.|.|.|.|...|.....|...|.....|.|...|.....|.|.|.|.........|.|.|.|.|...|.|.|...|.|.....|.|...|...|...|.|...|.|.....|...|.|...|.|...|...|.|.|.|.....|.|...|.|...|.|.|.|...................|.....|...|.|.....|.|...|...|.......|.
..|.--J.7.--7.J.7.--L-|.J.J.J.L---J.F-J1|.L-71F-71L-J1L-J1L-J1|.|1|.L-71L-7.F-J1F-J.|.F-J1|.L-L-71F-J.L-J.L-71F---71|.|1|.|1L-7.|1|.L-71|.|1F-71|.L-71L-7.|1F-J.|1F-J.|1F-71L-7.|1|.F-J1|.F-J1F-J.F-J1L---7.|1L-7.|1L-7.L-J.|1L-------7.F-7.F-----------7.--L-J.J...|.J.7.|.--7.7.L-7.|.
..|.....|...|...|.....|.............|...|...|.|.|.............|.|.|...|...|.|...|...|.|...|.....|.|.........|.|...|.|.|.|.|...|.|.|...|.|.|.|.|.|...|...|.|.|...|.|...|.|.|...|.|.|.|...|.|...|...|.......|.|...|.|...|.....|.........|.|.|.|...........|...........|...|.|...|.|...|.|.
L-F-7.--|.7.....J.F-F-7.F-|.|.L-|.L-L-71|.F-J1|.L-71F---71F---J.|1L-7.|1F-J.L-71|.L-F-J1F-J.F---J1L---7.F---J1L-7.|1|.|1|.|1F-J.L-J.F-J1|.|1|.|1|...L-71|.|1|.7.L-J.7.|1|.L-71|.|1|.L-71|.L-71|.F-J1F-71F-J.|1F-J.L-71L---7.|1F-71F-71L-J1L-J1F---------J.J.7.L-J.--J.L-L---7.L-7.L-L-J.
..|.|...|.|.......|.|.|.|.|.|...|.....|.|.|...|...|.|...|.|.....|...|.|.|.....|.|...|...|...|.........|.|.......|.|.|.|.|.|.|.......|...|.|.|.|.|.....|.|.|.|.|.....|.|.|...|.|.|.|...|.|...|.|.|...|.|.|...|.|.....|.....|.|.|.|.|.|.........|.............|...............|...|.......
|.L-L-7.J.L-----L---J.--L-F-7...|.J.--L-J.L-71|.F-J1|.F-L-J.F---J1F-J.L-J.F---J1L-7.L-71|.F-J1F---71F-J.L---71F-J.|1|.|1|.|1L---7.F-J1F-J.L-J.L-J.F---J1|.|1L-------7.L-J.F-J1|.|1|...|1|.L-|1|.|1F-J.L-J.L-|1L-7.F-J1F---J.L-J.L-J.L-------71L-------------7.7.F---J...L-|.F-7.L-F-|.|.
|.....|...................|.|...|...........|.|.|...|.|.....|.....|.......|.......|...|.|.|...|...|.|.......|.|...|.|.|.|.|.....|.|...|...........|.....|.|.........|.....|...|.|.|...|.|...|.|.|.|.........|...|.|...|.....................|...............|.|.|.........|.|.|...|.|.|.
7.L-F-|.7.J.F-|.|...J.7...L-J.--L---F-F-F---J1|.L-71|.F-----J1F-71L-----7.|1F-71F-J.7.L-J.|1F-J.F-J1L-7...F-J1L-7.L-J.L-J.L-71F-J.L-71L-----7.F-7.L-----J.|1F-71F---J.F---J1F-J.|1L-7.|1|.F-J1|.|1|.F---7.F-J1F-J.L-71|.F-F---------------7.|1F-71F-71F-----J.7.--..F-J.7.J.|.7.F---L-7.
|...|.|.|...|.|.|.....|.............|.|.|.....|...|.|.|.......|.|.......|.|.|.|.|...|.....|.|...|.....|...|.....|...........|.|.....|.......|.|.|.........|.|.|.|.....|.....|...|...|.|.|.|...|.|.|.|...|.|...|.....|.|.|.|...............|.|.|.|.|.|.|.......|.....|...|...|.|.|.....|.
J.F---L-J.--|.--7.7...L-J.|.|.--|.F-F-7.L-----J.F-L-J.L---71F-J.L-71F---J.|1|.|1L---7.F---J1|.F-J1F-71|.F-J1F-71L---------7.|1|.L-F-J1F-----J.|1L-7.F-----J1|.|1|.F---J1F---J.L-|1F-J.L-J.L-71|.|1|.|1F-J.L-71|.F---J1L---J1F-----71F-----J.L-J.|1|.|1L-----7.|.L-J.L-L-L-..L-F-J.F-L-J.
..|.........|...|.|.......|.|...|.|.|.|.........|.........|.|.....|.|.....|.|.|.....|.|.....|.|...|.|.|.|...|.|...........|.|.|...|...|.......|...|.|.......|.|.|.|.....|.......|.|.........|.|.|.|.|.|.....|.|.|...........|.....|.|...........|.|.|.......|.|...............|...|.....
L-|.L-F-|.|.L-J.F-L-..F-F-|...F-F---J1|.--F-----7.F-----7.|1|.F---J1L-7.7.L-J.L-71F-J.|1F---J.L-71|.|1|.|1F-J.|1F-71F-----J.|1L-7.L-71L---7.J.L-71L-J1F-71F-J.L-J.|1F-71|.F-----J1L-7.--F---J1|.|1L-J1L---7.|1|.L-71F-71F---J.F-7.L-J.F-7.|.|.L-L-J.|1F---71|.7.7.....7.|...7.L-L-J.F-J.
..|...|.|.|.....|.....|.|.|...|.|.....|...|.....|.|.....|.|.|.|.......|.|.......|.|...|.|.......|.|.|.|.|.|...|.|.|.|.......|...|...|.....|.....|.....|.|.|.......|.|.|.|.|.........|...|.....|.|.........|.|.|...|.|.|.|.....|.|.....|.|.|.|.......|.|...|.|.|.|.....|.|...|.......|...
L-|.--F-J.7.|.L-|...F-L-|.--|.J.|1F-71L-7.L---71L-J1F-71L-J1|.L---71F-J.F---7.--|1|.7.|1|.F-----J1|.|1|.L-J.F-J1|.|1L-----7.L---J.F-J1F-71|.F---J1F-71|.|1L---7.F-J1|.L-J.L-71F---71|.F-J1F---J.|1F-71F---J.L-J.F-J1|.|1L-----J1L-7.F-J1L---7.7.L-L-|1L-7.|1L-7.7.--F-|.J.7.J.J.|.L-L-J.
..|...|...|.|...|...|...|...|...|.|.|...|.....|.....|.|.....|.....|.|...|...|...|.|.|.|.|.|.......|.|.|.....|...|.|.......|.......|...|.|.|.|.....|.|.|.|.....|.|...|.......|.|...|.|.|...|.....|.|.|.|.........|...|.|...........|.|.......|.|.....|...|.|...|.|...|.|...|.....|.......
F-J.--|.F-L-L-J...F-|.|.L-L-L---L-J.L-71|.F---J1F---J.L---71L-7.F-J1L-7.L-71|.F-J1L-7.|1|.L-71F-71|.|1L-7.7.L---J.L---71F-J.F-7.|.L-71|.|1|.|1F-71|.|1|.L-71F-J.L---J.F-7.F-|1L-7.|1|.L-71L---7.|1|.|1L-------7.L---J.L-71F-71F-71L-J1F---71L-7.L-F-|1F-J.|1F-J.J...7.7.F-L---..|.--F---
|.....|.|.........|.|.|...............|.|.|.....|.........|...|.|.....|...|.|.|.....|.|.|...|.|.|.|.|...|.|...........|.|...|.|.|...|.|.|.|.|.|.|.|.|.|...|.|.........|.|.|.|...|.|.|...|.....|.|.|.|.........|.........|.|.|.|.|.....|...|...|...|.|.|...|.|.......|.|.|.......|...|...
--L-..----J.7...F-F---7...L-|.J.F-----J1L-J1F-71|.F-7.F---J1F-J.|1F---J.F-J1L-J1F-71|.|1L-7.L-J.L-J.L---J.F-----------J1L---J1|.F-7.L-J.L-J.|1|.|1|.|1L-7.|1|.|.F-7...|1L---J1F-J.|1|.|.|1F---J.|1|.|1F-71F---J.F-------J1|.L-J.|1F---J...|1F-J.F---J1L-7.L-J.--F---|.J.F-L-J.7.J.F-|...
............|...|.|...|.....|...|...........|.|.|.|.|.|.....|...|.|.....|.......|.|.|.|...|...............|...................|.|.|.........|.|.|.|.|...|.|.|.|.|.|...|.......|...|.|.|.|.|.....|.|.|.|.|.|.....|.........|.....|.|.......|.|...|.......|.......|...|...|.....|...|.|...
|.|.F-|.--F-7...F-L---7.7.7.|.J.L-----71F---J.|1|.|1|.L---71L-7.|1L---7.L---71F-J.|1|.L-71L-------7.F-----J1F---71F-71F-----71L-J1L-7.F-7.|.L-J.|1|.|1F-J.|1L---J1L-7.L-71F-71|.F-J1|.F-J1L-7...|1|.L-J.|1L---7.L---71F-71|.F-7.|1L-----7.|1|.L-L---71F-J.7.L---7.|.|...7...L-L-7.--L-7.
|.|.|.|...|.|...|.....|.|.|.|.........|.|.....|.|.|.|.....|...|.|.....|.....|.|...|.|...|.........|.|.......|...|.|.|.|.....|.......|.|.|.|.....|.|.|.|...|.........|...|.|.|.|.|...|.|.....|...|.|.....|.....|.....|.|.|.|.|.|.|.......|.|.|.......|.|...|.....|.|.|...|.......|.....|.
|.J.F-J.7.L---L-|.7.--|...J.7.F-J.....|1|.F-7.|1|.|1L-----J1F-J.|1F-71L-7.F-J1|.F-|1|.J.|1F-71F---J.L-71F-71|.F-J1|.|1L---7.L-71F-71L-J1L---7.F-J1|.|1|.F-J1F---71F-J.F-J1|.|1|.|1F-J.L-71F-J.F-J1L-7.|.L---71|.F---J1|.|1L-J1|.L-------J.L-J.--J.L-|1L---7.F-L-F-7.J...|.F-..F-J.7.L-7.
|...|...|.......|.|...|.....|.|.......|.|.|.|.|.|.|.........|...|.|.|...|.|...|.|.|.|...|.|.|.|.......|.|.|.|.|...|.|.....|...|.|.|.........|.|...|.|.|.|...|...|.|...|...|.|.|.|.|.....|.|...|.....|.|.....|.|.|.....|.|.....|.....................|.....|.|...|.|.....|.|...|...|...|.
L-7.J...F-F-7.F-7.7.7...F-J.L-J.7...F-J1|.|1L-J1|.L-------71L-7.L-J.|1F-J.L-71L-7.|1|.F-J1|.|1|.F-----J1|.L-J.L-71|.|1F-71L-7.|1|.|1F-71F-71|.L---J.|1|.L-71|.F-J1L-7.|1F-J.|1|.|1L-7.J.L-J.F-J1F-71L-----7.L-J.L---71|.|1F-71L-----7.F-7.J.F-L-7.7.L-----J.J.--F-J.J.----F-7.F-F-F-J...
..|.....|.|.|.|.|.|.|...|.......|...|...|.|.....|.........|...|.....|.|.....|...|.|.|.|...|.|.|.|.......|.......|.|.|.|.|...|.|.|.|.|.|.|.|.|.......|.|...|.|.|.....|.|.|...|.|.|...|.......|...|.|.......|.........|.|.|.|.|.......|.|.|...|...|.|.............|.........|.|.|.|.|.....
F-J.F-7.J.|.F---J.L-J.----J...F-|.F-L-71|.L-71F-J.F-------J1F-J.F---J1|.F---J1F-J.|1|.|1F-J.|1|.|1F---71|.F---7.L-J.|1|.L-71|.L-J.|1|.L-J.|1L---7.F-J1L-7.|1|.L-71F-J.L-J.L-|1|.|1F-J.F-----J1F-J.|1F---71L---7.|.F-J1|.|1|.L-71F-71L-J1L-----7.L-F-|.|.|.|.L---|...|.L-L-L---|.--7.7.--
|...|.|...|.|.................|.|.|...|.|...|.|...|.........|...|.....|.|.....|...|.|.|.|...|.|.|.|...|.|.|...|.....|.|...|.|.....|.|.....|.....|.|.....|.|.|...|.|.........|.|.|.|...|.......|...|.|...|.....|.|.|...|.|.|...|.|.|...........|...|.|.|.|.|.....|...|.........|...|.|...
----|.7.F-7.7...F-|...----F-7.------7.|1|.F-J1|.F-J1F-71F-71L-7.|1F-71|.L-71F-J.J.|1|.|1L-7.L-J.|1L-7.L-J.L-71|.--F-J1L-7.L-J.F---J1L-7.J.L-----J.L---71|.|1|.F-J1L-------7.|1|.|1L-7.|1F---71|.F-J1|.F-J1F-71L-7.L---J.|1|.F-J1|.|1F-71F-----J.7.--F-7...F-J.F-|.--F-....|.--|...|.J.|.
....|.|.|.|.|...|.|.......|.|.......|.|.|.|...|.|...|.|.|.|...|.|.|.|.|...|.|.....|.|.|...|.....|...|.......|.|...|.....|.....|.......|...............|.|.|.|.|...........|.|.|.|...|.|.|...|.|.|...|.|...|.|...|.......|.|.|...|.|.|.|.|.......|...|.|...|...|.|...|.....|...|...|...|.
|.|.J.L-7.J.|.7.F-J...|.7.L-L-..|.L---L-J.L---J.L---J.L-J.|1F-J.L-J.|1L-7.|1|.F---J1|.|1F-J.7.F-J1F-J.F-7.F-J1L---J1F---J.F-7.L---71F-J.F-7.F-7.F---7.L-J.|1|.|1F-71F-71F-J.|1|.|1F-J.L-J.F-J1|.|1F-J.L-71|.L-71L---7.F-J1|.L-71|.|1|.|1L-7.|.J.F---7.L-F-J.F-J.L---L-7.7.F-F-..F-L---J.
|.|.....|...|.|.|.....|.|.......|.........................|.|.......|...|.|.|.|.....|.|.|...|.|...|...|.|.|.........|.....|.|.....|.|...|.|.|.|.|...|.....|.|.|.|.|.|.|.|...|.|.|.|.......|...|.|.|.....|.|...|.....|.|...|...|.|.|.|.|...|.|...|...|...|...|.........|.|.|.|...|.......
F-L-7.|.J.--7.--F-7...7.7.|...F-F---L-L-7.L-F-----------7.|1|.--F-7.L---J.|1|.L---71|.|1|.--F-J1F-J.F-J1L-J1F-71F-71|.F-7.|1L-----J1L-7.|1L-J1L-J1F-J.F-7.L-J.|1|.L-J.L-J.|.|1|.L-J...L-L-L-71|.|1|.F-7.|1|.--L-71F-J.L-71|.F-J1|.|1|.|1F-J.F-7.7...L-7.7.L-J.7.7...L-----|...J.--L-F-L-
|...|.|.....|...|.|...|.|.|...|.|.......|...|...........|.|.|...|.|.......|.|.....|.|.|.|...|...|...|.......|.|.|.|.|.|.|.|...........|.|.........|...|.|.....|.|.........|.|.|.............|.|.|.|.|.|.|.|.....|.|.....|.|.|...|.|.|.|.|...|.|.|.....|.|.....|.|.........|.........|...
|.L---|.--F-|.--|.--|.L-7.F-|.--|...L-F-7...|1F---71F-71L-J1L---J1L-----7.L-J.F-F-J1|.|1|.F-J1F-J.7.L---71F-J.|1|.|1L-J1|.L-71F-71F-71L-J1F-71F---J.F-|1|.F---J1L---------7.L-J.|.L-|.7.|.|.|1|.L-J.|1L-J1L---7.|1L---7.|1|.L-71|.|1|.|1L---J1|.F-7.7.F-7.7.L-7.----F-7.--J...|.|.|.|.|.
|.....|...|.|...|...|...|.|.|...|.....|.|...|.|...|.|.|.................|.....|.|...|.|.|.|...|...|.....|.|...|.|.|.....|...|.|.|.|.|.....|.|.|.....|.|.|.|...............|.....|...|.|.|.|.|.|.....|.........|.|.....|.|.|...|.|.|.|.|.......|.|.|.|.|.|.|...|.....|.|.......|.|.|.|.|.
--J.|.L-7.--L-..--F-..L-L-L-F---..7.7.L-J.--L-J.F-J1|.L---71F-----71F-71|.L-J.--L---J.|1|.|1F-J.F-----7.|1|.F-J1|.|1F-71L-7.L-J.|1|.L-71F-J.|1L-------J1|.|1F-----71F---71|...F-J.L-L-F-----J1L-7...|1F---71F-J.L-71F-J.|1|.F-J1|.|1|.|1F---71L-J1L---J1L---7.J.7.F-|.L-....F-7.----7.|.
....|...|.........|.........|.....|.|...........|...|.....|.|.....|.|.|.|.............|.|.|.|...|.....|.|.|.|...|.|.|.|...|.....|.|...|.|...|...........|.|.|.....|.|...|.|...|.......|.........|...|.|...|.|.....|.|...|.|.|...|.|.|.|.|...|...............|...|.|.|.......|.|.....|.|.
|.--|.--|.7.J.F-|.|.----J.J.|...--F-J.--|.F-|.L-L---J.F---J1L---7.L-J.L-J.F-F-|.--|.L-|1|.L-J.--L---71L-J1|.L-71|.|1|.|1F-J.F---J1|.F-J1|.F-J1F-----71F-J.|1|.F---J1L-7.|1L-7.J.J.7.L-L---71F-71|.F-J1|.F-|1L---7.|1L-7.L-J.L-71|.|1|.|1L-7.L-71F-71F-71F---J.--F---7.--J.J.--7.7.F-L-J.
|...|...|.|...|.|.|.........|.....|.....|.|.|.........|.........|.........|.|.|...|...|.|...........|.....|...|.|.|.|.|.|...|.....|.|...|.|...|.....|.|...|.|.|.......|.|...|.....|.......|.|.|.|.|...|.|.|.....|.|...|.......|.|.|.|.|...|...|.|.|.|.|.|.......|...|.........|.|.|.....
|...|.L-L-7...--J.L-..|...F-L-7...|...7.7.J.7.F-J.|.J.L---71F-71L---7.--L-7.J.L-F-F---L-J.7...F-----J1F-71|.F-|1|.|1|.|1L-7.L-71F-J.L-71|.L-71L---7.|1L-7.|1|.|1F-71F-J.L---J.J.7.--F-F-L-L-J.|1|.L-71L-7.L-71F-J.L---J.--|.--L-J.|1|.|1F-J.L-L-J.L-J.|1|.J.F-F---7.F---7.J...L---J.--7.
|...|.....|...........|...|...|...|...|.|...|.|...|.......|.|.|.....|.....|.....|.|.......|...|.......|.|.|.|.|.|.|.|.|...|...|.|.....|.|...|.....|.|...|.|.|.|.|.|.|...........|...|.|.......|.|...|...|...|.|...........|.......|.|.|.|.............|.|...|.|...|.|...|.............|.
|.7...F---F-J.J.F-|.--F-J.7.--F-7...F-..----J.|...7.J.F---J1|.|1F-71L-7.--L-|.F-7.L-|...F-F-..L-----71|.|1|.F-J1|.L-J.|1F-J.F-|1L---7.|1|.F-J1F-71|.L---J.|1|.L-J.|1L---7.7.|.|.|.J.|.7.J...L-L-J.7.L-71|...|1L-------7.--L---J.L-|1|.|1|.L-7.|.|...L-L-J.|.--|.J.--....7.--..L-|.J.J...
|.|...|...|.....|.|...|...|...|.|...|.........|...|...|.....|.|.|.|...|.....|.|.|...|...|.|.........|.|.|.|.|...|.....|.|...|.|.....|.|.|.|...|.|.|.......|.|.....|.....|.|.|.|.|...|.|...........|...|.|...|.........|...........|.|.|.|...|.|.|.........|...|.........|.......|.......
F-....|.J.|.|.--7.7...J.J.|.|.F-J...J.7.--7...F-J.J.F-J1F---J.|1|.L---J.7.|.L-L-F-..----J.--F-L-L-L-|1|.L-J.L-71L---7.|1|.F---J1F-71|.|1|.L---J.|1L-----7.|1|.J.|.L-71F-J.7.--F-J.7.L-----F-J.7.L-F---J1L-7.|1F-71F-71|.--L-7...F-L-J.L-J.L-|.F-|.7...F-L-L-J.J.|...L-..L-7.J.--|.L-F-7.
|.....|...|.|...|.|.......|.|.|.......|...|...|.....|...|.....|.|.......|.|.....|...........|.......|.|.......|.....|.|.|.|.....|.|.|.|.|.......|.......|.|.|...|...|.|...|...|...|.......|...|...|.......|.|.|.|.|.|.|.....|...|...........|.|.|.|...|.........|.........|.....|...|.|.
F---|...|.|...F-J.|.--7.F-7.--7.--7.L-7.|.J.F-L-J.L-L-71|.J.J.|1L---7.J.--L-J.L-L-J...F-|...7.|.|.F-J1|.J.F-L-L-71F-J.|1|.L-71F-J.|1|.L-J.7.F---J1F-71F-J.L-J.J.L-7.L-J.J.F---7.F-|.--L-F-J.7.7.F-L---71F-J.|1|.|1|.L-J.7.----7.F-J.L---J.--|.--7.----J.J.J...F-F-7.L---7.J.J.L-J.--|.7.
|...|...|.|...|...|...|.|.|...|...|...|.|...|.........|.|.....|.....|.................|.|...|.|.|.|...|...|.....|.|...|.|...|.|...|.|.....|.|.....|.|.|...........|.......|...|.|.|.....|...|.|.|.....|.|...|.|.|.|.....|.....|.|...........|...|.............|.|.|.....|...........|.|.
|...L-F-7.|.7.|.F-L-7.F-L-L-..J.7.F-..L---7.7.|...L-L-L-J.7.F-J1F---J...|.J.F-F-L-7.F-|.--7.J.L---L---J.|.|.F-F-J1|.F-J1|.F-J1|.F-J1|.F-----J1F-71|.L-J...|.J.7...J.|.L-F-|.J.L-F-7.--F-L-..J.----J.F-L-J.F-J1|.L-J.J.--L-7.L-|.|.F-|.--L-J.|.L-L-L-|.--|.7.L-J...--7.J.|.F-7...L-7.|.L-
|.....|.|.|.|.|.|...|.|.........|.|.......|.|.|...........|.|...|.......|...|.|...|.|.|...|.............|.|.|.|...|.|...|.|...|.|...|.|.......|.|.|.......|...|.....|...|.|.....|.|...|.............|.....|...|...........|...|.|.|.|.......|.......|...|.|.........|...|.|.|.....|.|...
L-F-----J.J.L-F-7...F-L-7.F-F-----..J.7.|.L-L-L-7.F-F-7...F-J1F-J...L---J...|.J.F-J...J.F-L---J.L-7.L-F-F-J.L-L---J.L---J.|1F-J.L---J.|1F-71F-J.|1L-7...F-L-----J.7.|.L-L-..7...|.|.F-|.J.--7.|.|.--J.J.F-J1F-J...|.J.J...L-|.|.F-|.....L-F-L-....F-J.J.L-J.J.7.|.L-7.--L---J.F-7.L-L-7.
..|...........|.|...|...|.|.|.........|.|.......|.|.|.|...|...|.............|...|.......|.........|...|.|.................|.|.........|.|.|.|...|...|...|.........|.|.......|...|.|.|.|.....|.|.|.......|...|.....|.........|.|.|.|.......|.......|...........|.|...|.........|.|.....|.
L-|.7.F-|.7.....J.7.L-|.--|.L-7.L-|.F-7.--J.J.L-L-J.J.F---L-71L---7...|...F-|.L-7.7.F-7.--|.7.J...F-7.7.7.J.|...L-L-J.|.L-|1|.J...F---J1|.L-J.F-J1F-J.7...L---J...J.J...|.--|.|.----L---....F---L-7.F---L-71|.--F-|.|.F-F-..F-J.--L-7.7.7.L-L-L-|.J.7...|.J...F-|...|...F-7.F-J.J...|.|.
..|.|.|.|.|.......|...|...|...|...|.|.|...............|.....|.....|...|...|.|...|.|.|.|...|.|.....|.|.|.|...|.........|...|.|.....|.....|.....|...|...|.................|...|.|.............|.....|.|.....|.|...|.|.|.|.|...|.......|.|.|.......|...|...|.....|.|...|...|.|.|.......|.|.
--|.--L-|.--F-L-7.|.F-J.--J.7.|.L-L-F-L-7.--7.7.|.....J.L-L-L-----J.--F---|.L-7.J.F-|.J.L-L-L-7.L-----..|.|.F-F-..--L-7.L-|1|.J.7.L-71F-J.J.F-L-71L-7...7.7.|...F-|.--L-7...L-|.L-L-7.|...F-----|.L-L-J.L-L-J...--J.--F-|.7.J.L-J.F-7.J.J.|.L-F-|.L-F-L-L-..|.J.J.--L-J.L-L-J.|.7.F-L-..
..|.....|...|...|.|.|.......|.|.....|...|...|.|.|.....................|...|...|...|.|.........|.........|.|.|.|.......|...|.|...|...|.|.....|...|...|...|.|.|...|.|.....|.....|.....|.|...|.....|.....................|.|.|.......|.|.....|...|.|...|.......|.................|.|.|.....
F-L-7.--|.F-7.7.F-|.7.--F-F-L---..|.F-7.J.7.J.F-J.--7.F-F-J.J.F-L-L-..7.--F---..|.F-7.7.--..L-J.J.J.L-|.J.L---L-|.7.7.F-F-L-J.F-7.F-L-J.L-7.7.F-J1F-J.....F-|.--L-J.|.L-L-F-L-L-7.L-7.7.F-F-L---L-7.J.F-7.F-|.7.L-J.|.L-|.|.F---L-L-J.|...J...L-7.|.|.F-L-F-J.L-7...|.....|.F-J.F-7.J.|.
|...|...|.|.|.|.|.|.|...|.|.......|.|.|...|...|.....|.|.|.....|.......|...|.....|.|.|.|...............|.........|.|.|.|.|.....|.|.|.......|.|.|...|.......|.|.......|.....|.....|...|.|.|.|.......|...|.|.|.|.|.....|...|.|.|.........|.........|.|.|.|...|.....|...|.....|.|...|.|...|.
|.L-J...----F-7.L-J.|.F-7...|...--F-L-F-7.--..L-F-|.7.L-L-7.F-L-F---L-----7.J...L-F-L---..|...F-|.|.....--J.L-L-L-7.--J.L-J...L-L---7.J.J.|.F-L---J.--F-7...L-F-|.F-7...L-|.J.J...--J.J.7.L-..L-L-|.J...--F-L-7.J.L---J.L-F-F---F-L-------J...|.J.--F-7.|.|.L-L-J...L-L---F-J.7.7.|.--J.
|...........|.|.....|.|.|...|.....|...|.|.......|.|.|.....|.|...|.........|.......|.......|...|.|.|...............|.................|.....|.|.........|.|.....|.|.|.|.....|.............|.........|.......|...|...........|.|...|.............|.....|.|.|.|...............|...|.|.|.....
|.--L-F-7.|...|.....J.L-J...F-J...|.|...----J...J...J.L-F-L-L-7.F-7.7...|...|.7.L-J.|.F-F-..F-7.F-L-L---F-F-7.L-J.|.|.--J...7.....|.L-..L-L-L-J.L-J.7.J.F-J...L-|.F-----7.|.F-7.F-|.|.7.--|.F-F-F-L-------F---J.F-J.--L-F-7...F-J.|.7.|.7.F-L---J...F-J.7.L---7.L-J.7.J...|.L---J.|.|.|.
|.....|.|.|...|.............|.....|.|...................|.....|.|.|.|...|...|.|.....|.|.|...|.|.|.......|.|.|.....|.|.......|.....|.................|...|.......|.|.....|.|.|.|.|.|.|.|...|.|.|.|.........|.....|.......|.|...|...|.|.|.|.|.........|...|.....|.....|.....|.......|.|.|.
|.7.--L-|.----J.--L-..|.J.L-J.L-J.--J.J.--7.--F-|.--L---|.J.L-J.L-------L-J.L-J.--L-J.J.----L---F-..J...F-|...----L-J.J.....7.----|.L-7.--L-L-F-J.|.J.--|.J.L---7.J...7.J.--F---------J.L-L---F-7.L-7.J.--L-|.L-J.--..L---J.F-|.--L-----J.--J.J.--J.7.J.L-J.----F-L-----L-7.J.L---F-|.J.
|.|.....|.............|...................|...|.|.......|.......................................|.......|.|.................|.....|...|.......|...|.....|.......|.....|.....|.................|.|...|.......|...............|.|.....................|...........|.........|.......|.|...
